#
# There is insufficient memory for the Java Runtime Environment to continue.
# Native memory allocation (malloc) failed to allocate 1048576 bytes for AllocateHeap
# Possible reasons:
#   The system is out of physical RAM or swap space
#   The process is running with CompressedOops enabled, and the Java Heap may be blocking the growth of the native heap
# Possible solutions:
#   Reduce memory load on the system
#   Increase physical memory or swap space
#   Check if swap backing store is full
#   Decrease Java heap size (-Xmx/-Xms)
#   Decrease number of Java threads
#   Decrease Java thread stack sizes (-Xss)
#   Set larger code cache with -XX:ReservedCodeCacheSize=
#   JVM is running with Unscaled Compressed Oops mode in which the Java heap is
#     placed in the first 4GB address space. The Java Heap base address is the
#     maximum limit for the native heap growth. Please use -XX:HeapBaseMinAddress
#     to set the Java Heap base and to place the Java Heap above 4GB virtual address.
# This output file may be truncated or incomplete.
#
#  Out of Memory Error (allocation.cpp:44), pid=10020, tid=18680
#
# JRE version:  (18.0.2+9) (build )
# Java VM: Java HotSpot(TM) 64-Bit Server VM (18.0.2+9-61, mixed mode, sharing, tiered, compressed oops, compressed class ptrs, g1 gc, windows-amd64)
# No core dump will be written. Minidumps are not enabled by default on client versions of Windows
#

---------------  S U M M A R Y ------------

Command Line: 

Host: AMD Ryzen 7 5700U with Radeon Graphics         , 16 cores, 7G,  Windows 11 , 64 bit Build 22621 (10.0.22621.1635)
Time: Fri May 19 21:28:16 2023 Hora oficial do Brasil elapsed time: 0.010905 seconds (0d 0h 0m 0s)

---------------  T H R E A D  ---------------

Current thread (0x00000278f8f94050):  JavaThread "Unknown thread" [_thread_in_vm, id=18680, stack(0x000000dfee300000,0x000000dfee400000)]

Stack: [0x000000dfee300000,0x000000dfee400000]
Native frames: (J=compiled Java code, j=interpreted, Vv=VM code, C=native code)
V  [jvm.dll+0x6993ca]
V  [jvm.dll+0x7f481d]
V  [jvm.dll+0x7f612e]
V  [jvm.dll+0x7f67e3]
V  [jvm.dll+0x25cdaf]
V  [jvm.dll+0xb31af]
V  [jvm.dll+0x302aa9]
V  [jvm.dll+0x2fb1a3]
V  [jvm.dll+0x7c3450]
V  [jvm.dll+0x38be61]
V  [jvm.dll+0x7a2073]
V  [jvm.dll+0x40dc3f]
V  [jvm.dll+0x40f611]
C  [jli.dll+0x526b]
C  [ucrtbase.dll+0x29363]
C  [KERNEL32.DLL+0x126ad]
C  [ntdll.dll+0x5a9f8]


---------------  P R O C E S S  ---------------

Threads class SMR info:
_java_thread_list=0x00007ff8d78ce550, length=0, elements={
}

Java Threads: ( => current thread )

Other Threads:
  0x00000278f8ff1480 WorkerThread "GC Thread#0" [stack: 0x000000dfee400000,0x000000dfee500000] [id=8688]

[error occurred during error reporting (printing all threads), id 0xc0000005, EXCEPTION_ACCESS_VIOLATION (0xc0000005) at pc=0x00007ff8d70f7cd0]

VM state: not at safepoint (not fully initialized)

VM Mutex/Monitor currently owned by a thread:  ([mutex/lock_event])
[0x00000278f8f92280] Heap_lock - owner thread: 0x00000278f8f94050

Heap address: 0x000000008a400000, size: 1884 MB, Compressed Oops mode: 32-bit

CDS archive(s) mapped at: [0x0000000000000000-0x0000000000000000-0x0000000000000000), size 0, SharedBaseAddress: 0x0000000800000000, ArchiveRelocationMode: 0.
Narrow klass base: 0x0000000000000000, Narrow klass shift: 0, Narrow klass range: 0x0

GC Precious Log:
 CardTable entry size: 512
 Card Set container configuration: InlinePtr #cards 5 size 8 Array Of Cards #cards 12 size 40 Howl #buckets 4 coarsen threshold 1843 Howl Bitmap #cards 512 size 80 coarsen threshold 460 Card regions per heap region 1 cards per card region 2048

Heap:
 garbage-first heap   total 0K, used 0K [0x000000008a400000, 0x0000000100000000)
  region size 1024K, 0 young (0K), 0 survivors (0K)

[error occurred during error reporting (printing heap information), id 0xc0000005, EXCEPTION_ACCESS_VIOLATION (0xc0000005) at pc=0x00007ff8d74e1859]

GC Heap History (0 events):
No events

Deoptimization events (0 events):
No events

Classes loaded (0 events):
No events

Classes unloaded (0 events):
No events

Classes redefined (0 events):
No events

Internal exceptions (0 events):
No events

VM Operations (0 events):
No events

Events (1 events):
Event: 0.006 Loaded shared library C:\Program Files\Java\jdk-18.0.2\bin\java.dll


Dynamic libraries:
0x00007ff762ab0000 - 0x00007ff762ac0000 	C:\Program Files\Java\jdk-18.0.2\bin\java.exe
0x00007ff98a490000 - 0x00007ff98a6a4000 	C:\WINDOWS\SYSTEM32\ntdll.dll
0x00007ff9884d0000 - 0x00007ff988592000 	C:\WINDOWS\System32\KERNEL32.DLL
0x00007ff987950000 - 0x00007ff987cf3000 	C:\WINDOWS\System32\KERNELBASE.dll
0x00007ff987d70000 - 0x00007ff987e81000 	C:\WINDOWS\System32\ucrtbase.dll
0x00007ff95ef40000 - 0x00007ff95ef58000 	C:\Program Files\Java\jdk-18.0.2\bin\jli.dll
0x00007ff95d320000 - 0x00007ff95d33a000 	C:\Program Files\Java\jdk-18.0.2\bin\VCRUNTIME140.dll
0x00007ff9894b0000 - 0x00007ff98955e000 	C:\WINDOWS\System32\ADVAPI32.dll
0x00007ff98a000000 - 0x00007ff98a0a7000 	C:\WINDOWS\System32\msvcrt.dll
0x00007ff988f50000 - 0x00007ff988ff4000 	C:\WINDOWS\System32\sechost.dll
0x00007ff989000000 - 0x00007ff989117000 	C:\WINDOWS\System32\RPCRT4.dll
0x00007ff989710000 - 0x00007ff9898bb000 	C:\WINDOWS\System32\USER32.dll
0x00007ff988070000 - 0x00007ff988096000 	C:\WINDOWS\System32\win32u.dll
0x00007ff970ef0000 - 0x00007ff97117e000 	C:\WINDOWS\WinSxS\amd64_microsoft.windows.common-controls_6595b64144ccf1df_6.0.22621.1635_none_270f70857386168e\COMCTL32.dll
0x00007ff988320000 - 0x00007ff988349000 	C:\WINDOWS\System32\GDI32.dll
0x00007ff987f50000 - 0x00007ff988068000 	C:\WINDOWS\System32\gdi32full.dll
0x00007ff9878b0000 - 0x00007ff98794a000 	C:\WINDOWS\System32\msvcp_win.dll
0x00007ff97e470000 - 0x00007ff97e47a000 	C:\WINDOWS\SYSTEM32\VERSION.dll
0x00007ff9892c0000 - 0x00007ff9892f1000 	C:\WINDOWS\System32\IMM32.DLL
0x00007ff9714a0000 - 0x00007ff9714ac000 	C:\Program Files\Java\jdk-18.0.2\bin\vcruntime140_1.dll
0x00007ff938f00000 - 0x00007ff938f8d000 	C:\Program Files\Java\jdk-18.0.2\bin\msvcp140.dll
0x00007ff8d6df0000 - 0x00007ff8d7a01000 	C:\Program Files\Java\jdk-18.0.2\bin\server\jvm.dll
0x00007ff988740000 - 0x00007ff988748000 	C:\WINDOWS\System32\PSAPI.DLL
0x00007ff9814c0000 - 0x00007ff9814f4000 	C:\WINDOWS\SYSTEM32\WINMM.dll
0x00007ff966370000 - 0x00007ff966379000 	C:\WINDOWS\SYSTEM32\WSOCK32.dll
0x00007ff989dc0000 - 0x00007ff989e31000 	C:\WINDOWS\System32\WS2_32.dll
0x00007ff986890000 - 0x00007ff9868a8000 	C:\WINDOWS\SYSTEM32\kernel.appcore.dll
0x00007ff9633b0000 - 0x00007ff9633ba000 	C:\Program Files\Java\jdk-18.0.2\bin\jimage.dll
0x00007ff97f120000 - 0x00007ff97f34e000 	C:\WINDOWS\SYSTEM32\DBGHELP.DLL
0x00007ff98a0b0000 - 0x00007ff98a439000 	C:\WINDOWS\System32\combase.dll
0x00007ff989120000 - 0x00007ff9891f7000 	C:\WINDOWS\System32\OLEAUT32.dll
0x00007ff9715a0000 - 0x00007ff9715d2000 	C:\WINDOWS\SYSTEM32\dbgcore.DLL
0x00007ff988210000 - 0x00007ff98828b000 	C:\WINDOWS\System32\bcryptPrimitives.dll
0x00007ff946770000 - 0x00007ff946795000 	C:\Program Files\Java\jdk-18.0.2\bin\java.dll

dbghelp: loaded successfully - version: 4.0.5 - missing functions: none
symbol engine: initialized successfully - sym options: 0x614 - pdb path: .;C:\Program Files\Java\jdk-18.0.2\bin;C:\WINDOWS\SYSTEM32;C:\WINDOWS\WinSxS\amd64_microsoft.windows.common-controls_6595b64144ccf1df_6.0.22621.1635_none_270f70857386168e;C:\Program Files\Java\jdk-18.0.2\bin\server

VM Arguments:
java_command: <unknown>
java_class_path (initial): <not set>
Launcher Type: SUN_STANDARD

[Global flags]
     intx CICompilerCount                          = 12                                        {product} {ergonomic}
     uint ConcGCThreads                            = 3                                         {product} {ergonomic}
     uint G1ConcRefinementThreads                  = 13                                        {product} {ergonomic}
   size_t G1HeapRegionSize                         = 1048576                                   {product} {ergonomic}
    uintx GCDrainStackTargetSize                   = 64                                        {product} {ergonomic}
   size_t InitialHeapSize                          = 123731968                                 {product} {ergonomic}
   size_t MarkStackSize                            = 4194304                                   {product} {ergonomic}
   size_t MaxHeapSize                              = 1975517184                                {product} {ergonomic}
   size_t MinHeapDeltaBytes                        = 1048576                                   {product} {ergonomic}
   size_t MinHeapSize                              = 8388608                                   {product} {ergonomic}
    uintx NonNMethodCodeHeapSize                   = 7602480                                {pd product} {ergonomic}
    uintx NonProfiledCodeHeapSize                  = 122027880                              {pd product} {ergonomic}
    uintx ProfiledCodeHeapSize                     = 122027880                              {pd product} {ergonomic}
    uintx ReservedCodeCacheSize                    = 251658240                              {pd product} {ergonomic}
     bool SegmentedCodeCache                       = true                                      {product} {ergonomic}
   size_t SoftMaxHeapSize                          = 1975517184                             {manageable} {ergonomic}
     bool UseCompressedClassPointers               = true                           {product lp64_product} {ergonomic}
     bool UseCompressedOops                        = true                           {product lp64_product} {ergonomic}
     bool UseG1GC                                  = true                                      {product} {ergonomic}
     bool UseLargePagesIndividualAllocation        = false                                  {pd product} {ergonomic}

Logging:
Log output configuration:
 #0: stdout all=warning uptime,level,tags foldmultilines=false
 #1: stderr all=off uptime,level,tags foldmultilines=false

Environment Variables:
PATH=C:\Users\Gabri\Desktop\FATEC\ProjetoRickandMorty\android\node_modules\.bin;C:\Users\Gabri\Desktop\FATEC\ProjetoRickandMorty\node_modules\.bin;C:\Users\Gabri\Desktop\FATEC\node_modules\.bin;C:\Users\Gabri\Desktop\node_modules\.bin;C:\Users\Gabri\node_modules\.bin;C:\Users\node_modules\.bin;C:\node_modules\.bin;C:\Program Files\nodejs;C:\Users\Gabri\Desktop\FATEC\ProjetoRickandMorty\node_modules\.bin;C:\Users\Gabri\Desktop\FATEC\node_modules\.bin;C:\Users\Gabri\Desktop\node_modules\.bin;C:\Users\Gabri\node_modules\.bin;C:\Users\node_modules\.bin;C:\node_modules\.bin;C:\Program Files\nodejs\node_modules\npm\node_modules\@npmcli\run-script\lib\node-gyp-bin;C:\Users\Gabri\Desktop\FATEC\ProjetoRickandMorty\node_modules\.bin;C:\Users\Gabri\Desktop\FATEC\ProjetoRickandMorty\node_modules\.bin;C:\Users\Gabri\Desktop\FATEC\node_modules\.bin;C:\Users\Gabri\Desktop\node_modules\.bin;C:\Users\Gabri\node_modules\.bin;C:\Users\node_modules\.bin;C:\node_modules\.bin;C:\Program Files\nodejs;C:\Users\Gabri\Desktop\FATEC\ProjetoRickandMorty\node_modules\react-native\scripts\node_modules\.bin;C:\Users\Gabri\Desktop\FATEC\ProjetoRickandMorty\node_modules\react-native\node_modules\.bin;C:\Users\Gabri\Desktop\FATEC\ProjetoRickandMorty\node_modules\node_modules\.bin;C:\Users\Gabri\Desktop\FATEC\ProjetoRickandMorty\node_modules\.bin;C:\Users\Gabri\Desktop\FATEC\node_modules\.bin;C:\Users\Gabri\Desktop\node_modules\.bin;C:\Users\Gabri\node_modules\.bin;C:\Users\node_modules\.bin;C:\node_modules\.bin;C:\Program Files\nodejs;C:\Users\Gabri\Desktop\FATEC\ProjetoRickandMorty\node_modules\.bin;C:\Users\Gabri\Desktop\FATEC\node_modules\.bin;C:\Users\Gabri\Desktop\node_modules\.bin;C:\Users\Gabri\node_modules\.bin;C:\Users\node_modules\.bin;C:\node_modules\.bin;C:\Program Files\nodejs\node_modules\npm\node_modules\@npmcli\run-script\lib\node-gyp-bin;C:\Program Files\Common Files\Oracle\Java\javapath;C:\Program Files (x86)\Common Files\Oracle\Java\javapath;C:\Windows\system32;C:\Windows;C:\Windows\System32\Wbem;C:\Windows\System32\WindowsPowerShell\v1.0\;C:\Windows\System32\OpenSSH\;C:\Program Files\nodejs\;C:\Program Files\Microsoft SQL Server\150\Tools\Binn\;C:\WINDOWS\system32;C:\WINDOWS;C:\WINDOWS\System32\Wbem;C:\WINDOWS\System32\WindowsPowerShell\v1.0\;C:\WINDOWS\System32\OpenSSH\;C:\Program Files\Git\cmd;C:\flutter\bin;C:\ProgramData\chocolatey\bin;C:\WINDOWS\system32\config\systemprofile\AppData\Roaming\npm;C:\Users\Gabri\AppData\Local\Programs\Python\Python39\Scripts\;C:\Users\Gabri\AppData\Local\Programs\Python\Python39\;C:\Users\Gabri\AppData\Local\Programs\Python\Python311\Scripts\;C:\Users\Gabri\AppData\Local\Programs\Python\Python311\;C:\Users\Gabri\AppData\Local\Microsoft\WindowsApps;C:\Users\Gabri\AppData\Local\Programs\Microsoft VS Code\bin;C:\Users\Gabri\AppData\Roaming\npm;C:\flutter\bin;C:\Users\Gabri\AppData\Local\Android\Sdk\platform-tools;;C:\Users\Gabri\Desktop\FATEC\ProjetoRickandMorty\node_modules\.bin
USERNAME=Gabri
LANG=pt_BR.UTF-8
OS=Windows_NT
PROCESSOR_IDENTIFIER=AMD64 Family 23 Model 104 Stepping 1, AuthenticAMD



---------------  S Y S T E M  ---------------

OS:
 Windows 11 , 64 bit Build 22621 (10.0.22621.1635)
OS uptime: 2 days 2:22 hours
Hyper-V role detected

CPU: total 16 (initial active 16) (16 cores per cpu, 2 threads per core) family 23 model 104 stepping 1 microcode 0x0, cx8, cmov, fxsr, ht, mmx, 3dnowpref, sse, sse2, sse3, ssse3, sse4a, sse4.1, sse4.2, popcnt, lzcnt, tsc, tscinvbit, avx, avx2, aes, clmul, bmi1, bmi2, adx, sha, fma, vzeroupper, clflush, clflushopt, hv

Memory: 4k page, system-wide physical 7530M (1094M free)
TotalPageFile size 16451M (AvailPageFile size 1M)
current process WorkingSet (physical memory assigned to process): 11M, peak: 11M
current process commit charge ("private bytes"): 62M, peak: 63M

vm_info: Java HotSpot(TM) 64-Bit Server VM (18.0.2+9-61) for windows-amd64 JRE (18.0.2+9-61), built on Jun  7 2022 13:09:01 by "mach5one" with MS VC++ 16.8 / 16.9 (VS2019)

END.
