#
# There is insufficient memory for the Java Runtime Environment to continue.
# Native memory allocation (malloc) failed to allocate 1321952 bytes for Chunk::new
# Possible reasons:
#   The system is out of physical RAM or swap space
#   The process is running with CompressedOops enabled, and the Java Heap may be blocking the growth of the native heap
# Possible solutions:
#   Reduce memory load on the system
#   Increase physical memory or swap space
#   Check if swap backing store is full
#   Decrease Java heap size (-Xmx/-Xms)
#   Decrease number of Java threads
#   Decrease Java thread stack sizes (-Xss)
#   Set larger code cache with -XX:ReservedCodeCacheSize=
#   JVM is running with Unscaled Compressed Oops mode in which the Java heap is
#     placed in the first 4GB address space. The Java Heap base address is the
#     maximum limit for the native heap growth. Please use -XX:HeapBaseMinAddress
#     to set the Java Heap base and to place the Java Heap above 4GB virtual address.
# This output file may be truncated or incomplete.
#
#  Out of Memory Error (arena.cpp:184), pid=25668, tid=8612
#
# JRE version: Java(TM) SE Runtime Environment (18.0.2+9) (build 18.0.2+9-61)
# Java VM: Java HotSpot(TM) 64-Bit Server VM (18.0.2+9-61, mixed mode, sharing, tiered, compressed oops, compressed class ptrs, g1 gc, windows-amd64)
# No core dump will be written. Minidumps are not enabled by default on client versions of Windows
#

---------------  S U M M A R Y ------------

Command Line: org.jetbrains.kotlin.cli.jvm.K2JVMCompiler @C:\ProjetoDSMReactNative - Copia\node_modules\react-native-gesture-handler\android\build\20230513_13228389844216878656.compiler.options

Host: AMD Ryzen 7 5700U with Radeon Graphics         , 16 cores, 7G,  Windows 11 , 64 bit Build 22621 (10.0.22621.1485)
Time: Sat May 13 08:36:29 2023 Hora oficial do Brasil elapsed time: 31.723325 seconds (0d 0h 0m 31s)

---------------  T H R E A D  ---------------

Current thread (0x000001ed611d0550):  JavaThread "C2 CompilerThread0" daemon [_thread_in_native, id=8612, stack(0x0000006325400000,0x0000006325500000)]


Current CompileTask:
C2:  31723 14629       4       org.jetbrains.kotlin.types.TypeSubstitutor::unsafeSubstitute (813 bytes)

Stack: [0x0000006325400000,0x0000006325500000]
Native frames: (J=compiled Java code, j=interpreted, Vv=VM code, C=native code)
V  [jvm.dll+0x6993ca]
V  [jvm.dll+0x7f481d]
V  [jvm.dll+0x7f612e]
V  [jvm.dll+0x7f67e3]
V  [jvm.dll+0x25cdaf]
V  [jvm.dll+0xb8c2f]
V  [jvm.dll+0xb8fa5]
V  [jvm.dll+0x3860cb]
V  [jvm.dll+0x34fd01]
V  [jvm.dll+0x34f19a]
V  [jvm.dll+0x22ff51]
V  [jvm.dll+0x22f321]
V  [jvm.dll+0x1ba01c]
V  [jvm.dll+0x23ec9a]
V  [jvm.dll+0x23cf85]
V  [jvm.dll+0x7a6e21]
V  [jvm.dll+0x7a125a]
V  [jvm.dll+0x698275]
C  [ucrtbase.dll+0x29363]
C  [KERNEL32.DLL+0x1269d]
C  [ntdll.dll+0x5a9f8]


---------------  P R O C E S S  ---------------

Threads class SMR info:
_java_thread_list=0x000001ed66fc6710, length=16, elements={
0x000001ed42ad3ba0, 0x000001ed611b15c0, 0x000001ed611b1f60, 0x000001ed611cdba0,
0x000001ed611ce540, 0x000001ed611ceee0, 0x000001ed611cf880, 0x000001ed611d0550,
0x000001ed611daf50, 0x000001ed612095d0, 0x000001ed654dbf00, 0x000001ed654e2a60,
0x000001ed65508930, 0x000001ed65508e40, 0x000001ed65509d70, 0x000001ed65506ad0
}

Java Threads: ( => current thread )
  0x000001ed42ad3ba0 JavaThread "main" [_thread_in_Java, id=16348, stack(0x0000006324700000,0x0000006324800000)]
  0x000001ed611b15c0 JavaThread "Reference Handler" daemon [_thread_blocked, id=4204, stack(0x0000006324e00000,0x0000006324f00000)]
  0x000001ed611b1f60 JavaThread "Finalizer" daemon [_thread_blocked, id=11980, stack(0x0000006324f00000,0x0000006325000000)]
  0x000001ed611cdba0 JavaThread "Signal Dispatcher" daemon [_thread_blocked, id=18976, stack(0x0000006325000000,0x0000006325100000)]
  0x000001ed611ce540 JavaThread "Attach Listener" daemon [_thread_blocked, id=9032, stack(0x0000006325100000,0x0000006325200000)]
  0x000001ed611ceee0 JavaThread "Service Thread" daemon [_thread_blocked, id=27328, stack(0x0000006325200000,0x0000006325300000)]
  0x000001ed611cf880 JavaThread "Monitor Deflation Thread" daemon [_thread_blocked, id=5064, stack(0x0000006325300000,0x0000006325400000)]
=>0x000001ed611d0550 JavaThread "C2 CompilerThread0" daemon [_thread_in_native, id=8612, stack(0x0000006325400000,0x0000006325500000)]
  0x000001ed611daf50 JavaThread "C1 CompilerThread0" daemon [_thread_blocked, id=13488, stack(0x0000006325500000,0x0000006325600000)]
  0x000001ed612095d0 JavaThread "Sweeper thread" daemon [_thread_blocked, id=18668, stack(0x0000006325600000,0x0000006325700000)]
  0x000001ed654dbf00 JavaThread "Notification Thread" daemon [_thread_blocked, id=4240, stack(0x0000006325800000,0x0000006325900000)]
  0x000001ed654e2a60 JavaThread "Common-Cleaner" daemon [_thread_blocked, id=23876, stack(0x0000006325a00000,0x0000006325b00000)]
  0x000001ed65508930 JavaThread "C1 CompilerThread1" daemon [_thread_blocked, id=9308, stack(0x0000006325700000,0x0000006325800000)]
  0x000001ed65508e40 JavaThread "C1 CompilerThread2" daemon [_thread_blocked, id=13560, stack(0x0000006326900000,0x0000006326a00000)]
  0x000001ed65509d70 JavaThread "C2 CompilerThread1" daemon [_thread_in_native, id=28076, stack(0x0000006326a00000,0x0000006326b00000)]
  0x000001ed65506ad0 JavaThread "C1 CompilerThread3" daemon [_thread_blocked, id=20676, stack(0x0000006326b00000,0x0000006326c00000)]

Other Threads:
  0x000001ed42b5a330 VMThread "VM Thread" [stack: 0x0000006324d00000,0x0000006324e00000] [id=15976]
  0x000001ed654de7e0 WatcherThread "VM Periodic Task Thread" [stack: 0x0000006325900000,0x0000006325a00000] [id=7000]
  0x000001ed42b31700 WorkerThread "GC Thread#0" [stack: 0x0000006324800000,0x0000006324900000] [id=10900]
  0x000001ed658ff7d0 WorkerThread "GC Thread#1" [stack: 0x0000006325b00000,0x0000006325c00000] [id=25036]
  0x000001ed65a3ea80 WorkerThread "GC Thread#2" [stack: 0x0000006325c00000,0x0000006325d00000] [id=17004]
  0x000001ed65a3ed20 WorkerThread "GC Thread#3" [stack: 0x0000006325d00000,0x0000006325e00000] [id=25304]
  0x000001ed65a3f3e0 WorkerThread "GC Thread#4" [stack: 0x0000006325e00000,0x0000006325f00000] [id=19336]
  0x000001ed65a3f680 WorkerThread "GC Thread#5" [stack: 0x0000006325f00000,0x0000006326000000] [id=14204]
  0x000001ed65d6ea90 WorkerThread "GC Thread#6" [stack: 0x0000006326000000,0x0000006326100000] [id=9440]
  0x000001ed65d66f30 WorkerThread "GC Thread#7" [stack: 0x0000006326100000,0x0000006326200000] [id=10064]
  0x000001ed65d671d0 WorkerThread "GC Thread#8" [stack: 0x0000006326200000,0x0000006326300000] [id=8804]
  0x000001ed65e37d90 WorkerThread "GC Thread#9" [stack: 0x0000006326300000,0x0000006326400000] [id=27196]
  0x000001ed65fdbac0 WorkerThread "GC Thread#10" [stack: 0x0000006326400000,0x0000006326500000] [id=16872]
  0x000001ed65fda5c0 WorkerThread "GC Thread#11" [stack: 0x0000006326500000,0x0000006326600000] [id=21576]
  0x000001ed65fdada0 WorkerThread "GC Thread#12" [stack: 0x0000006326600000,0x0000006326700000] [id=9084]
  0x000001ed42b411b0 ConcurrentGCThread "G1 Main Marker" [stack: 0x0000006324900000,0x0000006324a00000] [id=17260]
  0x000001ed42b43ab0 WorkerThread "G1 Conc#0" [stack: 0x0000006324a00000,0x0000006324b00000] [id=16496]
  0x000001ed65fda860 WorkerThread "G1 Conc#1" [stack: 0x0000006326700000,0x0000006326800000] [id=15712]
  0x000001ed65fdb580 WorkerThread "G1 Conc#2" [stack: 0x0000006326800000,0x0000006326900000] [id=22992]
  0x000001ed42b8e0d0 ConcurrentGCThread "G1 Refine#0" [stack: 0x0000006324b00000,0x0000006324c00000] [id=8628]
  0x000001ed42b8e880 ConcurrentGCThread "G1 Service" [stack: 0x0000006324c00000,0x0000006324d00000] [id=9944]

Threads with active compile tasks:
C2 CompilerThread0    31746 14629       4       org.jetbrains.kotlin.types.TypeSubstitutor::unsafeSubstitute (813 bytes)
C2 CompilerThread1    31746 14624       4       org.jetbrains.kotlin.resolve.calls.components.ResolutionPartsKt::resolveKotlinArgument (430 bytes)

VM state: not at safepoint (normal execution)

VM Mutex/Monitor currently owned by a thread: None

Heap address: 0x000000008a400000, size: 1884 MB, Compressed Oops mode: 32-bit

CDS archive(s) mapped at: [0x0000000800000000-0x0000000800ba0000-0x0000000800ba0000), size 12189696, SharedBaseAddress: 0x0000000800000000, ArchiveRelocationMode: 0.
Compressed class space mapped at: 0x0000000800c00000-0x0000000840c00000, reserved size: 1073741824
Narrow klass base: 0x0000000800000000, Narrow klass shift: 0, Narrow klass range: 0x100000000

GC Precious Log:
 CardTable entry size: 512
 Card Set container configuration: InlinePtr #cards 5 size 8 Array Of Cards #cards 12 size 40 Howl #buckets 4 coarsen threshold 1843 Howl Bitmap #cards 512 size 80 coarsen threshold 460 Card regions per heap region 1 cards per card region 2048
 CPUs: 16 total, 16 available
 Memory: 7530M
 Large Page Support: Disabled
 NUMA Support: Disabled
 Compressed Oops: Enabled (32-bit)
 Heap Region Size: 1M
 Heap Min Capacity: 8M
 Heap Initial Capacity: 118M
 Heap Max Capacity: 1884M
 Pre-touch: Disabled
 Parallel Workers: 13
 Concurrent Workers: 3
 Concurrent Refinement Workers: 13
 Periodic GC: Disabled

Heap:
 garbage-first heap   total 216064K, used 93578K [0x000000008a400000, 0x0000000100000000)
  region size 1024K, 21 young (21504K), 2 survivors (2048K)
 Metaspace       used 61747K, committed 62592K, reserved 1114112K
  class space    used 6991K, committed 7424K, reserved 1048576K

Heap Regions: E=young(eden), S=young(survivor), O=old, HS=humongous(starts), HC=humongous(continues), CS=collection set, F=free, OA=open archive, CA=closed archive, TAMS=top-at-mark-start (previous, next)
|   0|0x000000008a400000, 0x000000008a500000, 0x000000008a500000|100%|HS|  |TAMS 0x000000008a500000, 0x000000008a400000| Complete 
|   1|0x000000008a500000, 0x000000008a600000, 0x000000008a600000|100%|HC|  |TAMS 0x000000008a600000, 0x000000008a500000| Complete 
|   2|0x000000008a600000, 0x000000008a700000, 0x000000008a700000|100%|HC|  |TAMS 0x000000008a700000, 0x000000008a600000| Complete 
|   3|0x000000008a700000, 0x000000008a800000, 0x000000008a800000|100%| O|  |TAMS 0x000000008a800000, 0x000000008a700000| Untracked 
|   4|0x000000008a800000, 0x000000008a900000, 0x000000008a900000|100%| O|  |TAMS 0x000000008a900000, 0x000000008a800000| Untracked 
|   5|0x000000008a900000, 0x000000008aa00000, 0x000000008aa00000|100%| O|  |TAMS 0x000000008aa00000, 0x000000008a900000| Untracked 
|   6|0x000000008aa00000, 0x000000008ab00000, 0x000000008ab00000|100%|HS|  |TAMS 0x000000008ab00000, 0x000000008aa00000| Complete 
|   7|0x000000008ab00000, 0x000000008ac00000, 0x000000008ac00000|100%|HC|  |TAMS 0x000000008ac00000, 0x000000008ab00000| Complete 
|   8|0x000000008ac00000, 0x000000008ad00000, 0x000000008ad00000|100%|HC|  |TAMS 0x000000008ad00000, 0x000000008ac00000| Complete 
|   9|0x000000008ad00000, 0x000000008ae00000, 0x000000008ae00000|100%| O|  |TAMS 0x000000008ae00000, 0x000000008ad00000| Untracked 
|  10|0x000000008ae00000, 0x000000008af00000, 0x000000008af00000|100%| O|  |TAMS 0x000000008af00000, 0x000000008ae00000| Untracked 
|  11|0x000000008af00000, 0x000000008b000000, 0x000000008b000000|100%| O|  |TAMS 0x000000008b000000, 0x000000008af00000| Untracked 
|  12|0x000000008b000000, 0x000000008b100000, 0x000000008b100000|100%| O|  |TAMS 0x000000008b100000, 0x000000008b000000| Untracked 
|  13|0x000000008b100000, 0x000000008b200000, 0x000000008b200000|100%| O|  |TAMS 0x000000008b200000, 0x000000008b100000| Untracked 
|  14|0x000000008b200000, 0x000000008b300000, 0x000000008b300000|100%| O|  |TAMS 0x000000008b300000, 0x000000008b200000| Untracked 
|  15|0x000000008b300000, 0x000000008b400000, 0x000000008b400000|100%| O|  |TAMS 0x000000008b400000, 0x000000008b300000| Untracked 
|  16|0x000000008b400000, 0x000000008b500000, 0x000000008b500000|100%| O|  |TAMS 0x000000008b500000, 0x000000008b400000| Untracked 
|  17|0x000000008b500000, 0x000000008b600000, 0x000000008b600000|100%| O|  |TAMS 0x000000008b600000, 0x000000008b500000| Untracked 
|  18|0x000000008b600000, 0x000000008b700000, 0x000000008b700000|100%| O|  |TAMS 0x000000008b700000, 0x000000008b600000| Untracked 
|  19|0x000000008b700000, 0x000000008b800000, 0x000000008b800000|100%| O|  |TAMS 0x000000008b800000, 0x000000008b700000| Untracked 
|  20|0x000000008b800000, 0x000000008b900000, 0x000000008b900000|100%|HS|  |TAMS 0x000000008b900000, 0x000000008b800000| Complete 
|  21|0x000000008b900000, 0x000000008ba00000, 0x000000008ba00000|100%|HC|  |TAMS 0x000000008ba00000, 0x000000008b900000| Complete 
|  22|0x000000008ba00000, 0x000000008bb00000, 0x000000008bb00000|100%| O|  |TAMS 0x000000008bb00000, 0x000000008ba00000| Untracked 
|  23|0x000000008bb00000, 0x000000008bc00000, 0x000000008bc00000|100%| O|  |TAMS 0x000000008bc00000, 0x000000008bb00000| Untracked 
|  24|0x000000008bc00000, 0x000000008bd00000, 0x000000008bd00000|100%| O|  |TAMS 0x000000008bd00000, 0x000000008bc00000| Untracked 
|  25|0x000000008bd00000, 0x000000008be00000, 0x000000008be00000|100%| O|  |TAMS 0x000000008be00000, 0x000000008bd00000| Untracked 
|  26|0x000000008be00000, 0x000000008bf00000, 0x000000008bf00000|100%| O|  |TAMS 0x000000008bf00000, 0x000000008be00000| Untracked 
|  27|0x000000008bf00000, 0x000000008c000000, 0x000000008c000000|100%| O|  |TAMS 0x000000008c000000, 0x000000008bf00000| Untracked 
|  28|0x000000008c000000, 0x000000008c100000, 0x000000008c100000|100%| O|  |TAMS 0x000000008c100000, 0x000000008c000000| Untracked 
|  29|0x000000008c100000, 0x000000008c200000, 0x000000008c200000|100%| O|  |TAMS 0x000000008c200000, 0x000000008c100000| Untracked 
|  30|0x000000008c200000, 0x000000008c300000, 0x000000008c300000|100%| O|  |TAMS 0x000000008c300000, 0x000000008c200000| Untracked 
|  31|0x000000008c300000, 0x000000008c400000, 0x000000008c400000|100%| O|  |TAMS 0x000000008c400000, 0x000000008c300000| Untracked 
|  32|0x000000008c400000, 0x000000008c500000, 0x000000008c500000|100%| O|  |TAMS 0x000000008c500000, 0x000000008c400000| Untracked 
|  33|0x000000008c500000, 0x000000008c600000, 0x000000008c600000|100%| O|  |TAMS 0x000000008c600000, 0x000000008c500000| Untracked 
|  34|0x000000008c600000, 0x000000008c700000, 0x000000008c700000|100%| O|  |TAMS 0x000000008c700000, 0x000000008c600000| Untracked 
|  35|0x000000008c700000, 0x000000008c800000, 0x000000008c800000|100%| O|  |TAMS 0x000000008c800000, 0x000000008c700000| Untracked 
|  36|0x000000008c800000, 0x000000008c900000, 0x000000008c900000|100%| O|  |TAMS 0x000000008c900000, 0x000000008c800000| Complete 
|  37|0x000000008c900000, 0x000000008ca00000, 0x000000008ca00000|100%| O|  |TAMS 0x000000008ca00000, 0x000000008c900000| Untracked 
|  38|0x000000008ca00000, 0x000000008cb00000, 0x000000008cb00000|100%| O|  |TAMS 0x000000008cb00000, 0x000000008ca00000| Untracked 
|  39|0x000000008cb00000, 0x000000008cc00000, 0x000000008cc00000|100%| O|  |TAMS 0x000000008cc00000, 0x000000008cb00000| Untracked 
|  40|0x000000008cc00000, 0x000000008cd00000, 0x000000008cd00000|100%| O|  |TAMS 0x000000008cd00000, 0x000000008cc00000| Untracked 
|  41|0x000000008cd00000, 0x000000008ce00000, 0x000000008ce00000|100%| O|  |TAMS 0x000000008ce00000, 0x000000008cd00000| Untracked 
|  42|0x000000008ce00000, 0x000000008cf00000, 0x000000008cf00000|100%| O|  |TAMS 0x000000008cf00000, 0x000000008ce00000| Untracked 
|  43|0x000000008cf00000, 0x000000008d000000, 0x000000008d000000|100%| O|  |TAMS 0x000000008d000000, 0x000000008cf00000| Untracked 
|  44|0x000000008d000000, 0x000000008d100000, 0x000000008d100000|100%| O|  |TAMS 0x000000008d100000, 0x000000008d000000| Untracked 
|  45|0x000000008d100000, 0x000000008d200000, 0x000000008d200000|100%| O|  |TAMS 0x000000008d200000, 0x000000008d100000| Untracked 
|  46|0x000000008d200000, 0x000000008d200000, 0x000000008d300000|  0%| F|  |TAMS 0x000000008d200000, 0x000000008d200000| Untracked 
|  47|0x000000008d300000, 0x000000008d400000, 0x000000008d400000|100%| O|  |TAMS 0x000000008d400000, 0x000000008d300000| Untracked 
|  48|0x000000008d400000, 0x000000008d500000, 0x000000008d500000|100%| O|  |TAMS 0x000000008d500000, 0x000000008d400000| Untracked 
|  49|0x000000008d500000, 0x000000008d600000, 0x000000008d600000|100%| O|  |TAMS 0x000000008d600000, 0x000000008d500000| Untracked 
|  50|0x000000008d600000, 0x000000008d700000, 0x000000008d700000|100%| O|  |TAMS 0x000000008d700000, 0x000000008d600000| Untracked 
|  51|0x000000008d700000, 0x000000008d800000, 0x000000008d800000|100%| O|  |TAMS 0x000000008d800000, 0x000000008d700000| Untracked 
|  52|0x000000008d800000, 0x000000008d900000, 0x000000008d900000|100%| O|  |TAMS 0x000000008d900000, 0x000000008d800000| Untracked 
|  53|0x000000008d900000, 0x000000008da00000, 0x000000008da00000|100%| O|  |TAMS 0x000000008da00000, 0x000000008d900000| Untracked 
|  54|0x000000008da00000, 0x000000008db00000, 0x000000008db00000|100%| O|  |TAMS 0x000000008db00000, 0x000000008da00000| Untracked 
|  55|0x000000008db00000, 0x000000008dc00000, 0x000000008dc00000|100%| O|  |TAMS 0x000000008dc00000, 0x000000008db00000| Untracked 
|  56|0x000000008dc00000, 0x000000008dd00000, 0x000000008dd00000|100%| O|  |TAMS 0x000000008dd00000, 0x000000008dc00000| Untracked 
|  57|0x000000008dd00000, 0x000000008de00000, 0x000000008de00000|100%| O|  |TAMS 0x000000008de00000, 0x000000008dd00000| Untracked 
|  58|0x000000008de00000, 0x000000008df00000, 0x000000008df00000|100%| O|  |TAMS 0x000000008df00000, 0x000000008de00000| Untracked 
|  59|0x000000008df00000, 0x000000008e000000, 0x000000008e000000|100%| O|  |TAMS 0x000000008e000000, 0x000000008df00000| Untracked 
|  60|0x000000008e000000, 0x000000008e100000, 0x000000008e100000|100%| O|  |TAMS 0x000000008e100000, 0x000000008e000000| Untracked 
|  61|0x000000008e100000, 0x000000008e200000, 0x000000008e200000|100%| O|  |TAMS 0x000000008e200000, 0x000000008e100000| Untracked 
|  62|0x000000008e200000, 0x000000008e300000, 0x000000008e300000|100%|HS|  |TAMS 0x000000008e300000, 0x000000008e200000| Complete 
|  63|0x000000008e300000, 0x000000008e400000, 0x000000008e400000|100%|HC|  |TAMS 0x000000008e400000, 0x000000008e300000| Complete 
|  64|0x000000008e400000, 0x000000008e500000, 0x000000008e500000|100%| O|  |TAMS 0x000000008e500000, 0x000000008e400000| Untracked 
|  65|0x000000008e500000, 0x000000008e600000, 0x000000008e600000|100%| O|  |TAMS 0x000000008e600000, 0x000000008e500000| Untracked 
|  66|0x000000008e600000, 0x000000008e700000, 0x000000008e700000|100%| O|  |TAMS 0x000000008e700000, 0x000000008e600000| Untracked 
|  67|0x000000008e700000, 0x000000008e800000, 0x000000008e800000|100%| O|  |TAMS 0x000000008e800000, 0x000000008e700000| Untracked 
|  68|0x000000008e800000, 0x000000008e900000, 0x000000008e900000|100%| O|  |TAMS 0x000000008e900000, 0x000000008e800000| Untracked 
|  69|0x000000008e900000, 0x000000008ea00000, 0x000000008ea00000|100%| O|  |TAMS 0x000000008ea00000, 0x000000008e900000| Untracked 
|  70|0x000000008ea00000, 0x000000008eb00000, 0x000000008eb00000|100%| O|  |TAMS 0x000000008eb00000, 0x000000008ea00000| Untracked 
|  71|0x000000008eb00000, 0x000000008ec00000, 0x000000008ec00000|100%| O|  |TAMS 0x000000008ec00000, 0x000000008eb00000| Untracked 
|  72|0x000000008ec00000, 0x000000008ec71a00, 0x000000008ed00000| 44%| O|  |TAMS 0x000000008ec71a00, 0x000000008ec00000| Untracked 
|  73|0x000000008ed00000, 0x000000008ed00000, 0x000000008ee00000|  0%| F|  |TAMS 0x000000008ed00000, 0x000000008ed00000| Untracked 
|  74|0x000000008ee00000, 0x000000008ee00000, 0x000000008ef00000|  0%| F|  |TAMS 0x000000008ee00000, 0x000000008ee00000| Untracked 
|  75|0x000000008ef00000, 0x000000008ef00000, 0x000000008f000000|  0%| F|  |TAMS 0x000000008ef00000, 0x000000008ef00000| Untracked 
|  76|0x000000008f000000, 0x000000008f000000, 0x000000008f100000|  0%| F|  |TAMS 0x000000008f000000, 0x000000008f000000| Untracked 
|  77|0x000000008f100000, 0x000000008f100000, 0x000000008f200000|  0%| F|  |TAMS 0x000000008f100000, 0x000000008f100000| Untracked 
|  78|0x000000008f200000, 0x000000008f200000, 0x000000008f300000|  0%| F|  |TAMS 0x000000008f200000, 0x000000008f200000| Untracked 
|  79|0x000000008f300000, 0x000000008f300000, 0x000000008f400000|  0%| F|  |TAMS 0x000000008f300000, 0x000000008f300000| Untracked 
|  80|0x000000008f400000, 0x000000008f400000, 0x000000008f500000|  0%| F|  |TAMS 0x000000008f400000, 0x000000008f400000| Untracked 
|  81|0x000000008f500000, 0x000000008f500000, 0x000000008f600000|  0%| F|  |TAMS 0x000000008f500000, 0x000000008f500000| Untracked 
|  82|0x000000008f600000, 0x000000008f600000, 0x000000008f700000|  0%| F|  |TAMS 0x000000008f600000, 0x000000008f600000| Untracked 
|  83|0x000000008f700000, 0x000000008f700000, 0x000000008f800000|  0%| F|  |TAMS 0x000000008f700000, 0x000000008f700000| Untracked 
|  84|0x000000008f800000, 0x000000008f800000, 0x000000008f900000|  0%| F|  |TAMS 0x000000008f800000, 0x000000008f800000| Untracked 
|  85|0x000000008f900000, 0x000000008f900000, 0x000000008fa00000|  0%| F|  |TAMS 0x000000008f900000, 0x000000008f900000| Untracked 
|  86|0x000000008fa00000, 0x000000008fa00000, 0x000000008fb00000|  0%| F|  |TAMS 0x000000008fa00000, 0x000000008fa00000| Untracked 
|  87|0x000000008fb00000, 0x000000008fb00000, 0x000000008fc00000|  0%| F|  |TAMS 0x000000008fb00000, 0x000000008fb00000| Untracked 
|  88|0x000000008fc00000, 0x000000008fc00000, 0x000000008fd00000|  0%| F|  |TAMS 0x000000008fc00000, 0x000000008fc00000| Untracked 
|  89|0x000000008fd00000, 0x000000008fd00000, 0x000000008fe00000|  0%| F|  |TAMS 0x000000008fd00000, 0x000000008fd00000| Untracked 
|  90|0x000000008fe00000, 0x000000008fe00000, 0x000000008ff00000|  0%| F|  |TAMS 0x000000008fe00000, 0x000000008fe00000| Untracked 
|  91|0x000000008ff00000, 0x000000008fff10c0, 0x0000000090000000| 94%| S|CS|TAMS 0x000000008ff00000, 0x000000008ff00000| Complete 
|  92|0x0000000090000000, 0x0000000090100000, 0x0000000090100000|100%| S|CS|TAMS 0x0000000090000000, 0x0000000090000000| Complete 
|  93|0x0000000090100000, 0x0000000090100000, 0x0000000090200000|  0%| F|  |TAMS 0x0000000090100000, 0x0000000090100000| Untracked 
|  94|0x0000000090200000, 0x0000000090200000, 0x0000000090300000|  0%| F|  |TAMS 0x0000000090200000, 0x0000000090200000| Untracked 
|  95|0x0000000090300000, 0x0000000090300000, 0x0000000090400000|  0%| F|  |TAMS 0x0000000090300000, 0x0000000090300000| Untracked 
|  96|0x0000000090400000, 0x0000000090400000, 0x0000000090500000|  0%| F|  |TAMS 0x0000000090400000, 0x0000000090400000| Untracked 
|  97|0x0000000090500000, 0x0000000090500000, 0x0000000090600000|  0%| F|  |TAMS 0x0000000090500000, 0x0000000090500000| Untracked 
|  98|0x0000000090600000, 0x0000000090600000, 0x0000000090700000|  0%| F|  |TAMS 0x0000000090600000, 0x0000000090600000| Untracked 
|  99|0x0000000090700000, 0x0000000090700000, 0x0000000090800000|  0%| F|  |TAMS 0x0000000090700000, 0x0000000090700000| Untracked 
| 100|0x0000000090800000, 0x0000000090800000, 0x0000000090900000|  0%| F|  |TAMS 0x0000000090800000, 0x0000000090800000| Untracked 
| 101|0x0000000090900000, 0x0000000090900000, 0x0000000090a00000|  0%| F|  |TAMS 0x0000000090900000, 0x0000000090900000| Untracked 
| 102|0x0000000090a00000, 0x0000000090a00000, 0x0000000090b00000|  0%| F|  |TAMS 0x0000000090a00000, 0x0000000090a00000| Untracked 
| 103|0x0000000090b00000, 0x0000000090b00000, 0x0000000090c00000|  0%| F|  |TAMS 0x0000000090b00000, 0x0000000090b00000| Untracked 
| 104|0x0000000090c00000, 0x0000000090c00000, 0x0000000090d00000|  0%| F|  |TAMS 0x0000000090c00000, 0x0000000090c00000| Untracked 
| 105|0x0000000090d00000, 0x0000000090d00000, 0x0000000090e00000|  0%| F|  |TAMS 0x0000000090d00000, 0x0000000090d00000| Untracked 
| 106|0x0000000090e00000, 0x0000000090e00000, 0x0000000090f00000|  0%| F|  |TAMS 0x0000000090e00000, 0x0000000090e00000| Untracked 
| 107|0x0000000090f00000, 0x0000000090f00000, 0x0000000091000000|  0%| F|  |TAMS 0x0000000090f00000, 0x0000000090f00000| Untracked 
| 108|0x0000000091000000, 0x0000000091000000, 0x0000000091100000|  0%| F|  |TAMS 0x0000000091000000, 0x0000000091000000| Untracked 
| 109|0x0000000091100000, 0x0000000091100000, 0x0000000091200000|  0%| F|  |TAMS 0x0000000091100000, 0x0000000091100000| Untracked 
| 110|0x0000000091200000, 0x0000000091200000, 0x0000000091300000|  0%| F|  |TAMS 0x0000000091200000, 0x0000000091200000| Untracked 
| 111|0x0000000091300000, 0x0000000091300000, 0x0000000091400000|  0%| F|  |TAMS 0x0000000091300000, 0x0000000091300000| Untracked 
| 112|0x0000000091400000, 0x0000000091400000, 0x0000000091500000|  0%| F|  |TAMS 0x0000000091400000, 0x0000000091400000| Untracked 
| 113|0x0000000091500000, 0x0000000091500000, 0x0000000091600000|  0%| F|  |TAMS 0x0000000091500000, 0x0000000091500000| Untracked 
| 114|0x0000000091600000, 0x0000000091600000, 0x0000000091700000|  0%| F|  |TAMS 0x0000000091600000, 0x0000000091600000| Untracked 
| 115|0x0000000091700000, 0x0000000091700000, 0x0000000091800000|  0%| F|  |TAMS 0x0000000091700000, 0x0000000091700000| Untracked 
| 116|0x0000000091800000, 0x0000000091800000, 0x0000000091900000|  0%| F|  |TAMS 0x0000000091800000, 0x0000000091800000| Untracked 
| 117|0x0000000091900000, 0x0000000091900000, 0x0000000091a00000|  0%| F|  |TAMS 0x0000000091900000, 0x0000000091900000| Untracked 
| 118|0x0000000091a00000, 0x0000000091a00000, 0x0000000091b00000|  0%| F|  |TAMS 0x0000000091a00000, 0x0000000091a00000| Untracked 
| 119|0x0000000091b00000, 0x0000000091b00000, 0x0000000091c00000|  0%| F|  |TAMS 0x0000000091b00000, 0x0000000091b00000| Untracked 
| 120|0x0000000091c00000, 0x0000000091c00000, 0x0000000091d00000|  0%| F|  |TAMS 0x0000000091c00000, 0x0000000091c00000| Untracked 
| 121|0x0000000091d00000, 0x0000000091d00000, 0x0000000091e00000|  0%| F|  |TAMS 0x0000000091d00000, 0x0000000091d00000| Untracked 
| 122|0x0000000091e00000, 0x0000000091e00000, 0x0000000091f00000|  0%| F|  |TAMS 0x0000000091e00000, 0x0000000091e00000| Untracked 
| 123|0x0000000091f00000, 0x0000000091f00000, 0x0000000092000000|  0%| F|  |TAMS 0x0000000091f00000, 0x0000000091f00000| Untracked 
| 124|0x0000000092000000, 0x0000000092000000, 0x0000000092100000|  0%| F|  |TAMS 0x0000000092000000, 0x0000000092000000| Untracked 
| 125|0x0000000092100000, 0x0000000092100000, 0x0000000092200000|  0%| F|  |TAMS 0x0000000092100000, 0x0000000092100000| Untracked 
| 126|0x0000000092200000, 0x0000000092200000, 0x0000000092300000|  0%| F|  |TAMS 0x0000000092200000, 0x0000000092200000| Untracked 
| 127|0x0000000092300000, 0x0000000092300000, 0x0000000092400000|  0%| F|  |TAMS 0x0000000092300000, 0x0000000092300000| Untracked 
| 128|0x0000000092400000, 0x0000000092400000, 0x0000000092500000|  0%| F|  |TAMS 0x0000000092400000, 0x0000000092400000| Untracked 
| 129|0x0000000092500000, 0x0000000092500000, 0x0000000092600000|  0%| F|  |TAMS 0x0000000092500000, 0x0000000092500000| Untracked 
| 130|0x0000000092600000, 0x0000000092600000, 0x0000000092700000|  0%| F|  |TAMS 0x0000000092600000, 0x0000000092600000| Untracked 
| 131|0x0000000092700000, 0x0000000092700000, 0x0000000092800000|  0%| F|  |TAMS 0x0000000092700000, 0x0000000092700000| Untracked 
| 132|0x0000000092800000, 0x0000000092800000, 0x0000000092900000|  0%| F|  |TAMS 0x0000000092800000, 0x0000000092800000| Untracked 
| 133|0x0000000092900000, 0x0000000092900000, 0x0000000092a00000|  0%| F|  |TAMS 0x0000000092900000, 0x0000000092900000| Untracked 
| 134|0x0000000092a00000, 0x0000000092a00000, 0x0000000092b00000|  0%| F|  |TAMS 0x0000000092a00000, 0x0000000092a00000| Untracked 
| 135|0x0000000092b00000, 0x0000000092b00000, 0x0000000092c00000|  0%| F|  |TAMS 0x0000000092b00000, 0x0000000092b00000| Untracked 
| 136|0x0000000092c00000, 0x0000000092c00000, 0x0000000092d00000|  0%| F|  |TAMS 0x0000000092c00000, 0x0000000092c00000| Untracked 
| 137|0x0000000092d00000, 0x0000000092d00000, 0x0000000092e00000|  0%| F|  |TAMS 0x0000000092d00000, 0x0000000092d00000| Untracked 
| 138|0x0000000092e00000, 0x0000000092e00000, 0x0000000092f00000|  0%| F|  |TAMS 0x0000000092e00000, 0x0000000092e00000| Untracked 
| 139|0x0000000092f00000, 0x0000000092f00000, 0x0000000093000000|  0%| F|  |TAMS 0x0000000092f00000, 0x0000000092f00000| Untracked 
| 140|0x0000000093000000, 0x0000000093000000, 0x0000000093100000|  0%| F|  |TAMS 0x0000000093000000, 0x0000000093000000| Untracked 
| 141|0x0000000093100000, 0x0000000093100000, 0x0000000093200000|  0%| F|  |TAMS 0x0000000093100000, 0x0000000093100000| Untracked 
| 142|0x0000000093200000, 0x0000000093200000, 0x0000000093300000|  0%| F|  |TAMS 0x0000000093200000, 0x0000000093200000| Untracked 
| 143|0x0000000093300000, 0x0000000093300000, 0x0000000093400000|  0%| F|  |TAMS 0x0000000093300000, 0x0000000093300000| Untracked 
| 144|0x0000000093400000, 0x0000000093400000, 0x0000000093500000|  0%| F|  |TAMS 0x0000000093400000, 0x0000000093400000| Untracked 
| 145|0x0000000093500000, 0x0000000093500000, 0x0000000093600000|  0%| F|  |TAMS 0x0000000093500000, 0x0000000093500000| Untracked 
| 146|0x0000000093600000, 0x0000000093600000, 0x0000000093700000|  0%| F|  |TAMS 0x0000000093600000, 0x0000000093600000| Untracked 
| 147|0x0000000093700000, 0x0000000093700000, 0x0000000093800000|  0%| F|  |TAMS 0x0000000093700000, 0x0000000093700000| Untracked 
| 148|0x0000000093800000, 0x0000000093800000, 0x0000000093900000|  0%| F|  |TAMS 0x0000000093800000, 0x0000000093800000| Untracked 
| 149|0x0000000093900000, 0x0000000093900000, 0x0000000093a00000|  0%| F|  |TAMS 0x0000000093900000, 0x0000000093900000| Untracked 
| 150|0x0000000093a00000, 0x0000000093a00000, 0x0000000093b00000|  0%| F|  |TAMS 0x0000000093a00000, 0x0000000093a00000| Untracked 
| 151|0x0000000093b00000, 0x0000000093b00000, 0x0000000093c00000|  0%| F|  |TAMS 0x0000000093b00000, 0x0000000093b00000| Untracked 
| 152|0x0000000093c00000, 0x0000000093c00000, 0x0000000093d00000|  0%| F|  |TAMS 0x0000000093c00000, 0x0000000093c00000| Untracked 
| 153|0x0000000093d00000, 0x0000000093d00000, 0x0000000093e00000|  0%| F|  |TAMS 0x0000000093d00000, 0x0000000093d00000| Untracked 
| 154|0x0000000093e00000, 0x0000000093e00000, 0x0000000093f00000|  0%| F|  |TAMS 0x0000000093e00000, 0x0000000093e00000| Untracked 
| 155|0x0000000093f00000, 0x0000000093f00000, 0x0000000094000000|  0%| F|  |TAMS 0x0000000093f00000, 0x0000000093f00000| Untracked 
| 156|0x0000000094000000, 0x0000000094000000, 0x0000000094100000|  0%| F|  |TAMS 0x0000000094000000, 0x0000000094000000| Untracked 
| 157|0x0000000094100000, 0x0000000094100000, 0x0000000094200000|  0%| F|  |TAMS 0x0000000094100000, 0x0000000094100000| Untracked 
| 158|0x0000000094200000, 0x0000000094200000, 0x0000000094300000|  0%| F|  |TAMS 0x0000000094200000, 0x0000000094200000| Untracked 
| 159|0x0000000094300000, 0x0000000094300000, 0x0000000094400000|  0%| F|  |TAMS 0x0000000094300000, 0x0000000094300000| Untracked 
| 160|0x0000000094400000, 0x0000000094400000, 0x0000000094500000|  0%| F|  |TAMS 0x0000000094400000, 0x0000000094400000| Untracked 
| 161|0x0000000094500000, 0x0000000094500000, 0x0000000094600000|  0%| F|  |TAMS 0x0000000094500000, 0x0000000094500000| Untracked 
| 162|0x0000000094600000, 0x0000000094600000, 0x0000000094700000|  0%| F|  |TAMS 0x0000000094600000, 0x0000000094600000| Untracked 
| 163|0x0000000094700000, 0x0000000094700000, 0x0000000094800000|  0%| F|  |TAMS 0x0000000094700000, 0x0000000094700000| Untracked 
| 164|0x0000000094800000, 0x0000000094800000, 0x0000000094900000|  0%| F|  |TAMS 0x0000000094800000, 0x0000000094800000| Untracked 
| 165|0x0000000094900000, 0x0000000094900000, 0x0000000094a00000|  0%| F|  |TAMS 0x0000000094900000, 0x0000000094900000| Untracked 
| 166|0x0000000094a00000, 0x0000000094a00000, 0x0000000094b00000|  0%| F|  |TAMS 0x0000000094a00000, 0x0000000094a00000| Untracked 
| 167|0x0000000094b00000, 0x0000000094b00000, 0x0000000094c00000|  0%| F|  |TAMS 0x0000000094b00000, 0x0000000094b00000| Untracked 
| 168|0x0000000094c00000, 0x0000000094c00000, 0x0000000094d00000|  0%| F|  |TAMS 0x0000000094c00000, 0x0000000094c00000| Untracked 
| 169|0x0000000094d00000, 0x0000000094d00000, 0x0000000094e00000|  0%| F|  |TAMS 0x0000000094d00000, 0x0000000094d00000| Untracked 
| 170|0x0000000094e00000, 0x0000000094e00000, 0x0000000094f00000|  0%| F|  |TAMS 0x0000000094e00000, 0x0000000094e00000| Untracked 
| 171|0x0000000094f00000, 0x0000000094f00000, 0x0000000095000000|  0%| F|  |TAMS 0x0000000094f00000, 0x0000000094f00000| Untracked 
| 172|0x0000000095000000, 0x0000000095000000, 0x0000000095100000|  0%| F|  |TAMS 0x0000000095000000, 0x0000000095000000| Untracked 
| 173|0x0000000095100000, 0x0000000095100000, 0x0000000095200000|  0%| F|  |TAMS 0x0000000095100000, 0x0000000095100000| Untracked 
| 174|0x0000000095200000, 0x0000000095200000, 0x0000000095300000|  0%| F|  |TAMS 0x0000000095200000, 0x0000000095200000| Untracked 
| 175|0x0000000095300000, 0x0000000095300000, 0x0000000095400000|  0%| F|  |TAMS 0x0000000095300000, 0x0000000095300000| Untracked 
| 176|0x0000000095400000, 0x0000000095400000, 0x0000000095500000|  0%| F|  |TAMS 0x0000000095400000, 0x0000000095400000| Untracked 
| 177|0x0000000095500000, 0x0000000095500000, 0x0000000095600000|  0%| F|  |TAMS 0x0000000095500000, 0x0000000095500000| Untracked 
| 178|0x0000000095600000, 0x0000000095600000, 0x0000000095700000|  0%| F|  |TAMS 0x0000000095600000, 0x0000000095600000| Untracked 
| 179|0x0000000095700000, 0x0000000095700000, 0x0000000095800000|  0%| F|  |TAMS 0x0000000095700000, 0x0000000095700000| Untracked 
| 180|0x0000000095800000, 0x0000000095800000, 0x0000000095900000|  0%| F|  |TAMS 0x0000000095800000, 0x0000000095800000| Untracked 
| 181|0x0000000095900000, 0x0000000095900000, 0x0000000095a00000|  0%| F|  |TAMS 0x0000000095900000, 0x0000000095900000| Untracked 
| 182|0x0000000095a00000, 0x0000000095a00000, 0x0000000095b00000|  0%| F|  |TAMS 0x0000000095a00000, 0x0000000095a00000| Untracked 
| 183|0x0000000095b00000, 0x0000000095b00000, 0x0000000095c00000|  0%| F|  |TAMS 0x0000000095b00000, 0x0000000095b00000| Untracked 
| 184|0x0000000095c00000, 0x0000000095c00000, 0x0000000095d00000|  0%| F|  |TAMS 0x0000000095c00000, 0x0000000095c00000| Untracked 
| 185|0x0000000095d00000, 0x0000000095d00000, 0x0000000095e00000|  0%| F|  |TAMS 0x0000000095d00000, 0x0000000095d00000| Untracked 
| 186|0x0000000095e00000, 0x0000000095e00000, 0x0000000095f00000|  0%| F|  |TAMS 0x0000000095e00000, 0x0000000095e00000| Untracked 
| 187|0x0000000095f00000, 0x0000000095f00000, 0x0000000096000000|  0%| F|  |TAMS 0x0000000095f00000, 0x0000000095f00000| Untracked 
| 188|0x0000000096000000, 0x0000000096000000, 0x0000000096100000|  0%| F|  |TAMS 0x0000000096000000, 0x0000000096000000| Untracked 
| 189|0x0000000096100000, 0x0000000096100000, 0x0000000096200000|  0%| F|  |TAMS 0x0000000096100000, 0x0000000096100000| Untracked 
| 190|0x0000000096200000, 0x0000000096200000, 0x0000000096300000|  0%| F|  |TAMS 0x0000000096200000, 0x0000000096200000| Untracked 
| 191|0x0000000096300000, 0x0000000096300000, 0x0000000096400000|  0%| F|  |TAMS 0x0000000096300000, 0x0000000096300000| Untracked 
| 192|0x0000000096400000, 0x0000000096500000, 0x0000000096500000|100%| E|  |TAMS 0x0000000096400000, 0x0000000096400000| Complete 
| 193|0x0000000096500000, 0x0000000096600000, 0x0000000096600000|100%| E|CS|TAMS 0x0000000096500000, 0x0000000096500000| Complete 
| 194|0x0000000096600000, 0x0000000096700000, 0x0000000096700000|100%| E|CS|TAMS 0x0000000096600000, 0x0000000096600000| Complete 
| 195|0x0000000096700000, 0x0000000096800000, 0x0000000096800000|100%| E|CS|TAMS 0x0000000096700000, 0x0000000096700000| Complete 
| 196|0x0000000096800000, 0x0000000096900000, 0x0000000096900000|100%| E|CS|TAMS 0x0000000096800000, 0x0000000096800000| Complete 
| 197|0x0000000096900000, 0x0000000096a00000, 0x0000000096a00000|100%| E|CS|TAMS 0x0000000096900000, 0x0000000096900000| Complete 
| 198|0x0000000096a00000, 0x0000000096b00000, 0x0000000096b00000|100%| E|CS|TAMS 0x0000000096a00000, 0x0000000096a00000| Complete 
| 199|0x0000000096b00000, 0x0000000096c00000, 0x0000000096c00000|100%| E|CS|TAMS 0x0000000096b00000, 0x0000000096b00000| Complete 
| 200|0x0000000096c00000, 0x0000000096d00000, 0x0000000096d00000|100%| E|CS|TAMS 0x0000000096c00000, 0x0000000096c00000| Complete 
| 201|0x0000000096d00000, 0x0000000096e00000, 0x0000000096e00000|100%| E|CS|TAMS 0x0000000096d00000, 0x0000000096d00000| Complete 
| 202|0x0000000096e00000, 0x0000000096f00000, 0x0000000096f00000|100%| E|CS|TAMS 0x0000000096e00000, 0x0000000096e00000| Complete 
| 203|0x0000000096f00000, 0x0000000097000000, 0x0000000097000000|100%| E|CS|TAMS 0x0000000096f00000, 0x0000000096f00000| Complete 
| 204|0x0000000097000000, 0x0000000097100000, 0x0000000097100000|100%| E|CS|TAMS 0x0000000097000000, 0x0000000097000000| Complete 
| 205|0x0000000097100000, 0x0000000097200000, 0x0000000097200000|100%| E|CS|TAMS 0x0000000097100000, 0x0000000097100000| Complete 
| 206|0x0000000097200000, 0x0000000097300000, 0x0000000097300000|100%| E|CS|TAMS 0x0000000097200000, 0x0000000097200000| Complete 
| 207|0x0000000097300000, 0x0000000097400000, 0x0000000097400000|100%| E|CS|TAMS 0x0000000097300000, 0x0000000097300000| Complete 
| 208|0x0000000097400000, 0x0000000097500000, 0x0000000097500000|100%| E|CS|TAMS 0x0000000097400000, 0x0000000097400000| Complete 
| 209|0x0000000097500000, 0x0000000097600000, 0x0000000097600000|100%| E|CS|TAMS 0x0000000097500000, 0x0000000097500000| Complete 
| 210|0x0000000097600000, 0x0000000097700000, 0x0000000097700000|100%| E|CS|TAMS 0x0000000097600000, 0x0000000097600000| Complete 

Card table byte_map: [0x000001ed5a040000,0x000001ed5a3f0000] _byte_map_base: 0x000001ed59bee000

Marking Bits (Prev, Next): (CMBitMap*) 0x000001ed42b31d40, (CMBitMap*) 0x000001ed42b31d00
 Prev Bits: [0x000001ed5c510000, 0x000001ed5e280000)
 Next Bits: [0x000001ed5a7a0000, 0x000001ed5c510000)

Polling page: 0x000001ed40a00000

Metaspace:

Usage:
  Non-class:     53.47 MB used.
      Class:      6.83 MB used.
       Both:     60.30 MB used.

Virtual space:
  Non-class space:       64.00 MB reserved,      53.88 MB ( 84%) committed,  1 nodes.
      Class space:        1.00 GB reserved,       7.25 MB ( <1%) committed,  1 nodes.
             Both:        1.06 GB reserved,      61.12 MB (  6%) committed. 

Chunk freelists:
   Non-Class:  1.78 MB
       Class:  606.00 KB
        Both:  2.37 MB

MaxMetaspaceSize: unlimited
CompressedClassSpaceSize: 1.00 GB
Initial GC threshold: 21.00 MB
Current GC threshold: 101.69 MB
CDS: on
MetaspaceReclaimPolicy: balanced
 - commit_granule_bytes: 65536.
 - commit_granule_words: 8192.
 - virtual_space_node_default_size: 8388608.
 - enlarge_chunks_in_place: 1.
 - new_chunks_are_fully_committed: 0.
 - uncommit_free_chunks: 1.
 - use_allocation_guard: 0.


Internal statistics:

num_allocs_failed_limit: 6.
num_arena_births: 1338.
num_arena_deaths: 0.
num_vsnodes_births: 2.
num_vsnodes_deaths: 0.
num_space_committed: 976.
num_space_uncommitted: 0.
num_chunks_returned_to_freelist: 6.
num_chunks_taken_from_freelist: 3825.
num_chunk_merges: 6.
num_chunk_splits: 2779.
num_chunks_enlarged: 2089.
num_inconsistent_stats: 0.

CodeHeap 'non-profiled nmethods': size=119168Kb used=6851Kb max_used=6851Kb free=112316Kb
 bounds [0x000001ed51fa0000, 0x000001ed52660000, 0x000001ed59400000]
CodeHeap 'profiled nmethods': size=119104Kb used=33310Kb max_used=34208Kb free=85793Kb
 bounds [0x000001ed4ab50000, 0x000001ed4ccd0000, 0x000001ed51fa0000]
CodeHeap 'non-nmethods': size=7488Kb used=3023Kb max_used=3091Kb free=4464Kb
 bounds [0x000001ed4a400000, 0x000001ed4a720000, 0x000001ed4ab50000]
 total_blobs=12454 nmethods=11817 adapters=544
 compilation: enabled
              stopped_count=0, restarted_count=0
 full_count=0

Compilation events (20 events):
Event: 31.635 Thread 0x000001ed65508930 14648       3       org.jetbrains.kotlin.resolve.scopes.LexicalWritableScope::<init> (58 bytes)
Event: 31.636 Thread 0x000001ed65508930 nmethod 14648 0x000001ed4c46b810 code [0x000001ed4c46bba0, 0x000001ed4c46d1a8]
Event: 31.650 Thread 0x000001ed65508930 14650       3       org.jetbrains.kotlin.types.expressions.ControlStructureTypingVisitor::visitIfExpression (360 bytes)
Event: 31.651 Thread 0x000001ed65508930 nmethod 14650 0x000001ed4b105490 code [0x000001ed4b105900, 0x000001ed4b107708]
Event: 31.662 Thread 0x000001ed611d0550 nmethod 14602 0x000001ed52642390 code [0x000001ed52642920, 0x000001ed52647188]
Event: 31.663 Thread 0x000001ed611d0550 14629       4       org.jetbrains.kotlin.types.TypeSubstitutor::unsafeSubstitute (813 bytes)
Event: 31.672 Thread 0x000001ed65509d70 nmethod 14618 0x000001ed5264a110 code [0x000001ed5264a5e0, 0x000001ed5264e540]
Event: 31.673 Thread 0x000001ed65509d70 14624       4       org.jetbrains.kotlin.resolve.calls.components.ResolutionPartsKt::resolveKotlinArgument (430 bytes)
Event: 31.674 Thread 0x000001ed65508e40 14652       3       org.jetbrains.kotlin.psi.KtStringTemplateExpression::accept (15 bytes)
Event: 31.674 Thread 0x000001ed65508e40 nmethod 14652 0x000001ed4be1ab90 code [0x000001ed4be1ad40, 0x000001ed4be1afb8]
Event: 31.676 Thread 0x000001ed65506ad0 14653       2       org.jetbrains.kotlin.descriptors.FindClassInModuleKt::findClassifierAcrossModuleDependencies (679 bytes)
Event: 31.678 Thread 0x000001ed65506ad0 nmethod 14653 0x000001ed4bb4dd10 code [0x000001ed4bb4e480, 0x000001ed4bb50858]
Event: 31.681 Thread 0x000001ed65508e40 14655       3       org.jetbrains.kotlin.resolve.calls.util.FakeCallableDescriptorForObject::getOriginal (8 bytes)
Event: 31.681 Thread 0x000001ed65508e40 nmethod 14655 0x000001ed4b4b9110 code [0x000001ed4b4b92a0, 0x000001ed4b4b9498]
Event: 31.681 Thread 0x000001ed611daf50 14656       3       org.jetbrains.kotlin.com.intellij.psi.impl.source.PsiFileImpl::getName (22 bytes)
Event: 31.681 Thread 0x000001ed611daf50 nmethod 14656 0x000001ed4c238f90 code [0x000001ed4c239180, 0x000001ed4c239618]
Event: 31.701 Thread 0x000001ed611daf50 14657       3       org.jetbrains.kotlin.types.expressions.ExpressionTypingServices::checkFunctionReturnType (57 bytes)
Event: 31.701 Thread 0x000001ed65508e40 14658       3       org.jetbrains.kotlin.types.expressions.BasicExpressionTypingVisitor::recordThisOrSuperCallInTraceAndCallExtension (165 bytes)
Event: 31.701 Thread 0x000001ed611daf50 nmethod 14657 0x000001ed4c039410 code [0x000001ed4c039600, 0x000001ed4c039c38]
Event: 31.702 Thread 0x000001ed65508e40 nmethod 14658 0x000001ed4b103e90 code [0x000001ed4b104160, 0x000001ed4b104f28]

GC Heap History (20 events):
Event: 21.831 GC heap before
{Heap before GC invocations=16 (full 0):
 garbage-first heap   total 110592K, used 82351K [0x000000008a400000, 0x0000000100000000)
  region size 1024K, 35 young (35840K), 4 survivors (4096K)
 Metaspace       used 54707K, committed 55488K, reserved 1114112K
  class space    used 6500K, committed 6912K, reserved 1048576K
}
Event: 21.850 GC heap after
{Heap after GC invocations=17 (full 0):
 garbage-first heap   total 110592K, used 56226K [0x000000008a400000, 0x0000000100000000)
  region size 1024K, 4 young (4096K), 4 survivors (4096K)
 Metaspace       used 54707K, committed 55488K, reserved 1114112K
  class space    used 6500K, committed 6912K, reserved 1048576K
}
Event: 23.939 GC heap before
{Heap before GC invocations=17 (full 0):
 garbage-first heap   total 110592K, used 84898K [0x000000008a400000, 0x0000000100000000)
  region size 1024K, 32 young (32768K), 4 survivors (4096K)
 Metaspace       used 57326K, committed 58176K, reserved 1114112K
  class space    used 6668K, committed 7104K, reserved 1048576K
}
Event: 23.951 GC heap after
{Heap after GC invocations=18 (full 0):
 garbage-first heap   total 110592K, used 59228K [0x000000008a400000, 0x0000000100000000)
  region size 1024K, 3 young (3072K), 3 survivors (3072K)
 Metaspace       used 57326K, committed 58176K, reserved 1114112K
  class space    used 6668K, committed 7104K, reserved 1048576K
}
Event: 25.451 GC heap before
{Heap before GC invocations=19 (full 0):
 garbage-first heap   total 110592K, used 86876K [0x000000008a400000, 0x0000000100000000)
  region size 1024K, 30 young (30720K), 3 survivors (3072K)
 Metaspace       used 59037K, committed 59840K, reserved 1114112K
  class space    used 6811K, committed 7232K, reserved 1048576K
}
Event: 25.464 GC heap after
{Heap after GC invocations=20 (full 0):
 garbage-first heap   total 110592K, used 62838K [0x000000008a400000, 0x0000000100000000)
  region size 1024K, 4 young (4096K), 4 survivors (4096K)
 Metaspace       used 59037K, committed 59840K, reserved 1114112K
  class space    used 6811K, committed 7232K, reserved 1048576K
}
Event: 26.779 GC heap before
{Heap before GC invocations=20 (full 0):
 garbage-first heap   total 110592K, used 83318K [0x000000008a400000, 0x0000000100000000)
  region size 1024K, 25 young (25600K), 4 survivors (4096K)
 Metaspace       used 59739K, committed 60608K, reserved 1114112K
  class space    used 6844K, committed 7296K, reserved 1048576K
}
Event: 26.792 GC heap after
{Heap after GC invocations=21 (full 0):
 garbage-first heap   total 110592K, used 65097K [0x000000008a400000, 0x0000000100000000)
  region size 1024K, 3 young (3072K), 3 survivors (3072K)
 Metaspace       used 59739K, committed 60608K, reserved 1114112K
  class space    used 6844K, committed 7296K, reserved 1048576K
}
Event: 27.625 GC heap before
{Heap before GC invocations=22 (full 0):
 garbage-first heap   total 128000K, used 90697K [0x000000008a400000, 0x0000000100000000)
  region size 1024K, 25 young (25600K), 3 survivors (3072K)
 Metaspace       used 60480K, committed 61312K, reserved 1114112K
  class space    used 6921K, committed 7360K, reserved 1048576K
}
Event: 27.632 GC heap after
{Heap after GC invocations=23 (full 0):
 garbage-first heap   total 128000K, used 69410K [0x000000008a400000, 0x0000000100000000)
  region size 1024K, 3 young (3072K), 3 survivors (3072K)
 Metaspace       used 60480K, committed 61312K, reserved 1114112K
  class space    used 6921K, committed 7360K, reserved 1048576K
}
Event: 27.753 GC heap before
{Heap before GC invocations=23 (full 0):
 garbage-first heap   total 128000K, used 72482K [0x000000008a400000, 0x0000000100000000)
  region size 1024K, 6 young (6144K), 3 survivors (3072K)
 Metaspace       used 60505K, committed 61376K, reserved 1114112K
  class space    used 6921K, committed 7360K, reserved 1048576K
}
Event: 27.757 GC heap after
{Heap after GC invocations=24 (full 0):
 garbage-first heap   total 128000K, used 69682K [0x000000008a400000, 0x0000000100000000)
  region size 1024K, 1 young (1024K), 1 survivors (1024K)
 Metaspace       used 60505K, committed 61376K, reserved 1114112K
  class space    used 6921K, committed 7360K, reserved 1048576K
}
Event: 28.918 GC heap before
{Heap before GC invocations=24 (full 0):
 garbage-first heap   total 128000K, used 102450K [0x000000008a400000, 0x0000000100000000)
  region size 1024K, 33 young (33792K), 1 survivors (1024K)
 Metaspace       used 61144K, committed 62016K, reserved 1114112K
  class space    used 6977K, committed 7424K, reserved 1048576K
}
Event: 28.922 GC heap after
{Heap after GC invocations=25 (full 0):
 garbage-first heap   total 128000K, used 71778K [0x000000008a400000, 0x0000000100000000)
  region size 1024K, 3 young (3072K), 3 survivors (3072K)
 Metaspace       used 61144K, committed 62016K, reserved 1114112K
  class space    used 6977K, committed 7424K, reserved 1048576K
}
Event: 30.084 GC heap before
{Heap before GC invocations=26 (full 0):
 garbage-first heap   total 128000K, used 103522K [0x000000008a400000, 0x0000000100000000)
  region size 1024K, 34 young (34816K), 3 survivors (3072K)
 Metaspace       used 61383K, committed 62208K, reserved 1114112K
  class space    used 6984K, committed 7424K, reserved 1048576K
}
Event: 30.090 GC heap after
{Heap after GC invocations=27 (full 0):
 garbage-first heap   total 128000K, used 73879K [0x000000008a400000, 0x0000000100000000)
  region size 1024K, 5 young (5120K), 5 survivors (5120K)
 Metaspace       used 61383K, committed 62208K, reserved 1114112K
  class space    used 6984K, committed 7424K, reserved 1048576K
}
Event: 30.121 GC heap before
{Heap before GC invocations=27 (full 0):
 garbage-first heap   total 128000K, used 74903K [0x000000008a400000, 0x0000000100000000)
  region size 1024K, 6 young (6144K), 5 survivors (5120K)
 Metaspace       used 61388K, committed 62208K, reserved 1114112K
  class space    used 6984K, committed 7424K, reserved 1048576K
}
Event: 30.128 GC heap after
{Heap after GC invocations=28 (full 0):
 garbage-first heap   total 128000K, used 73932K [0x000000008a400000, 0x0000000100000000)
  region size 1024K, 1 young (1024K), 1 survivors (1024K)
 Metaspace       used 61388K, committed 62208K, reserved 1114112K
  class space    used 6984K, committed 7424K, reserved 1048576K
}
Event: 31.017 GC heap before
{Heap before GC invocations=28 (full 0):
 garbage-first heap   total 128000K, used 105676K [0x000000008a400000, 0x0000000100000000)
  region size 1024K, 32 young (32768K), 1 survivors (1024K)
 Metaspace       used 61627K, committed 62464K, reserved 1114112K
  class space    used 6985K, committed 7424K, reserved 1048576K
}
Event: 31.021 GC heap after
{Heap after GC invocations=29 (full 0):
 garbage-first heap   total 216064K, used 75146K [0x000000008a400000, 0x0000000100000000)
  region size 1024K, 2 young (2048K), 2 survivors (2048K)
 Metaspace       used 61627K, committed 62464K, reserved 1114112K
  class space    used 6985K, committed 7424K, reserved 1048576K
}

Deoptimization events (20 events):
Event: 31.502 Thread 0x000001ed42ad3ba0 Uncommon trap: trap_request=0xffffff66 fr.pc=0x000001ed52630044 relative=0x0000000000004864
Event: 31.502 Thread 0x000001ed42ad3ba0 Uncommon trap: reason=speculate_class_check action=maybe_recompile pc=0x000001ed52630044 method=org.jetbrains.kotlin.builtins.UnsignedTypes.isUnsignedType(Lorg/jetbrains/kotlin/types/KotlinType;)Z @ 16 c2
Event: 31.502 Thread 0x000001ed42ad3ba0 DEOPT PACKING pc=0x000001ed52630044 sp=0x00000063247fbd30
Event: 31.502 Thread 0x000001ed42ad3ba0 DEOPT UNPACKING pc=0x000001ed4a4523a3 sp=0x00000063247fbc38 mode 2
Event: 31.502 Thread 0x000001ed42ad3ba0 Uncommon trap: trap_request=0xffffff66 fr.pc=0x000001ed52630044 relative=0x0000000000004864
Event: 31.502 Thread 0x000001ed42ad3ba0 Uncommon trap: reason=speculate_class_check action=maybe_recompile pc=0x000001ed52630044 method=org.jetbrains.kotlin.builtins.UnsignedTypes.isUnsignedType(Lorg/jetbrains/kotlin/types/KotlinType;)Z @ 16 c2
Event: 31.502 Thread 0x000001ed42ad3ba0 DEOPT PACKING pc=0x000001ed52630044 sp=0x00000063247fbd30
Event: 31.502 Thread 0x000001ed42ad3ba0 DEOPT UNPACKING pc=0x000001ed4a4523a3 sp=0x00000063247fbc38 mode 2
Event: 31.507 Thread 0x000001ed42ad3ba0 Uncommon trap: trap_request=0xffffffbe fr.pc=0x000001ed525ae5a0 relative=0x0000000000003da0
Event: 31.507 Thread 0x000001ed42ad3ba0 Uncommon trap: reason=profile_predicate action=maybe_recompile pc=0x000001ed525ae5a0 method=org.jetbrains.kotlin.descriptors.annotations.CompositeAnnotations.hasAnnotation(Lorg/jetbrains/kotlin/name/FqName;)Z @ 34 c2
Event: 31.507 Thread 0x000001ed42ad3ba0 DEOPT PACKING pc=0x000001ed525ae5a0 sp=0x00000063247f8c40
Event: 31.507 Thread 0x000001ed42ad3ba0 DEOPT UNPACKING pc=0x000001ed4a4523a3 sp=0x00000063247f8ad8 mode 2
Event: 31.522 Thread 0x000001ed42ad3ba0 Uncommon trap: trap_request=0xffffff45 fr.pc=0x000001ed52245584 relative=0x0000000000000ae4
Event: 31.522 Thread 0x000001ed42ad3ba0 Uncommon trap: reason=unstable_if action=reinterpret pc=0x000001ed52245584 method=org.jetbrains.kotlin.resolve.calls.tower.ImplicitScopeTowerKt.getResultApplicabilityForConstraintErrors(Ljava/util/Collection;)Lorg/jetbrains/kotlin/resolve/calls/tower/Cand
Event: 31.522 Thread 0x000001ed42ad3ba0 DEOPT PACKING pc=0x000001ed52245584 sp=0x00000063247f9e80
Event: 31.522 Thread 0x000001ed42ad3ba0 DEOPT UNPACKING pc=0x000001ed4a4523a3 sp=0x00000063247f9db0 mode 2
Event: 31.522 Thread 0x000001ed42ad3ba0 Uncommon trap: trap_request=0xffffff45 fr.pc=0x000001ed52578040 relative=0x0000000000002b20
Event: 31.522 Thread 0x000001ed42ad3ba0 Uncommon trap: reason=unstable_if action=reinterpret pc=0x000001ed52578040 method=org.jetbrains.kotlin.resolve.calls.inference.ConstraintSystemBuilderKt$addConstraintIfCompatible$1.invoke(Lorg/jetbrains/kotlin/resolve/calls/inference/ConstraintSystemOpera
Event: 31.522 Thread 0x000001ed42ad3ba0 DEOPT PACKING pc=0x000001ed52578040 sp=0x00000063247fa400
Event: 31.522 Thread 0x000001ed42ad3ba0 DEOPT UNPACKING pc=0x000001ed4a4523a3 sp=0x00000063247fa2a0 mode 2

Classes loaded (20 events):
Event: 18.667 Loading class java/util/Comparators$NullComparator
Event: 18.667 Loading class java/util/Comparators$NullComparator done
Event: 18.669 Loading class java/util/stream/SortedOps
Event: 18.670 Loading class java/util/stream/SortedOps done
Event: 18.670 Loading class java/util/stream/SortedOps$OfRef
Event: 18.670 Loading class java/util/stream/SortedOps$OfRef done
Event: 18.671 Loading class java/util/stream/SortedOps$RefSortingSink
Event: 18.671 Loading class java/util/stream/SortedOps$AbstractRefSortingSink
Event: 18.671 Loading class java/util/stream/SortedOps$AbstractRefSortingSink done
Event: 18.671 Loading class java/util/stream/SortedOps$RefSortingSink done
Event: 20.449 Loading class java/util/concurrent/locks/AbstractQueuedSynchronizer$Node
Event: 20.450 Loading class java/util/concurrent/locks/AbstractQueuedSynchronizer$Node done
Event: 23.394 Loading class java/lang/Short$ShortCache
Event: 23.395 Loading class java/lang/Short$ShortCache done
Event: 23.532 Loading class java/util/regex/Pattern$Bound
Event: 23.533 Loading class java/util/regex/Pattern$Bound done
Event: 23.534 Loading class java/util/regex/Pattern$NotBehind
Event: 23.534 Loading class java/util/regex/Pattern$NotBehind done
Event: 24.373 Loading class jdk/internal/math/FloatingDecimal$ASCIIToBinaryBuffer
Event: 24.374 Loading class jdk/internal/math/FloatingDecimal$ASCIIToBinaryBuffer done

Classes unloaded (0 events):
No events

Classes redefined (0 events):
No events

Internal exceptions (20 events):
Event: 18.638 Thread 0x000001ed42ad3ba0 Exception <a 'java/lang/NoSuchMethodError'{0x000000008e5315a0}: 'java.lang.Object java.lang.invoke.DirectMethodHandle$Holder.invokeStaticInit(java.lang.Object, java.lang.Object, java.lang.Object)'> (0x000000008e5315a0) 
thrown [s\open\src\hotspot\share\interpreter\linkResolver.cpp, line 759]
Event: 18.669 Thread 0x000001ed42ad3ba0 Exception <a 'java/lang/NoSuchMethodError'{0x000000008e40e428}: 'int java.lang.invoke.DirectMethodHandle$Holder.invokeSpecialIFC(java.lang.Object, java.lang.Object, java.lang.Object, java.lang.Object, java.lang.Object)'> (0x000000008e40e428) 
thrown [s\open\src\hotspot\share\interpreter\linkResolver.cpp, line 759]
Event: 18.674 Thread 0x000001ed42ad3ba0 Exception <a 'java/lang/NoSuchMethodError'{0x000000008e42fda0}: 'void java.lang.invoke.DirectMethodHandle$Holder.invokeInterface(java.lang.Object, java.lang.Object, java.lang.Object)'> (0x000000008e42fda0) 
thrown [s\open\src\hotspot\share\interpreter\linkResolver.cpp, line 759]
Event: 18.875 Thread 0x000001ed42ad3ba0 Implicit null exception at 0x000001ed521e7875 to 0x000001ed521e7d9c
Event: 19.322 Thread 0x000001ed42ad3ba0 Exception <a 'java/lang/NoSuchMethodError'{0x000000008f8e2248}: 'int java.lang.invoke.DirectMethodHandle$Holder.invokeStaticInit(java.lang.Object, int)'> (0x000000008f8e2248) 
thrown [s\open\src\hotspot\share\interpreter\linkResolver.cpp, line 759]
Event: 20.039 Thread 0x000001ed42ad3ba0 Exception <a 'java/lang/NoSuchMethodError'{0x000000008ea94448}: 'java.lang.Object java.lang.invoke.DirectMethodHandle$Holder.newInvokeSpecial(java.lang.Object, int, java.lang.Object)'> (0x000000008ea94448) 
thrown [s\open\src\hotspot\share\interpreter\linkResolver.cpp, line 759]
Event: 21.666 Thread 0x000001ed42ad3ba0 Implicit null exception at 0x000001ed522b1541 to 0x000001ed522b19e4
Event: 21.728 Thread 0x000001ed42ad3ba0 Exception <a 'java/lang/NoSuchMethodError'{0x000000008fb9f840}: 'java.lang.Object java.lang.invoke.DirectMethodHandle$Holder.invokeInterface(java.lang.Object, java.lang.Object, java.lang.Object)'> (0x000000008fb9f840) 
thrown [s\open\src\hotspot\share\interpreter\linkResolver.cpp, line 759]
Event: 21.728 Thread 0x000001ed42ad3ba0 Exception <a 'java/lang/IncompatibleClassChangeError'{0x000000008fba31a8}: Found class java.lang.Object, but interface was expected> (0x000000008fba31a8) 
thrown [s\open\src\hotspot\share\interpreter\linkResolver.cpp, line 826]
Event: 21.866 Thread 0x000001ed42ad3ba0 Exception <a 'java/lang/NoSuchMethodError'{0x0000000091968278}: 'java.lang.Object java.lang.invoke.Invokers$Holder.linkToTargetMethod(java.lang.Object, java.lang.Object, java.lang.Object, java.lang.Object, java.lang.Object, java.lang.Object, java.lang.Object)'> (0x0000000091968278) 
thrown [s\open\src\hotspot\share\interpreter\linkResolver.cpp, line 759]
Event: 22.242 Thread 0x000001ed42ad3ba0 Implicit null exception at 0x000001ed5227881c to 0x000001ed52279140
Event: 22.734 Thread 0x000001ed42ad3ba0 Implicit null exception at 0x000001ed5228eb43 to 0x000001ed5228eded
Event: 23.722 Thread 0x000001ed42ad3ba0 Implicit null exception at 0x000001ed52245062 to 0x000001ed522459d0
Event: 24.683 Thread 0x000001ed42ad3ba0 Implicit null exception at 0x000001ed523512fc to 0x000001ed523553fc
Event: 25.077 Thread 0x000001ed42ad3ba0 Implicit null exception at 0x000001ed523c83ac to 0x000001ed523c8474
Event: 26.014 Thread 0x000001ed42ad3ba0 Implicit null exception at 0x000001ed523ef472 to 0x000001ed523ef810
Event: 26.862 Thread 0x000001ed42ad3ba0 Exception <a 'java/lang/NoSuchMethodError'{0x00000000909718f8}: 'void java.lang.invoke.DirectMethodHandle$Holder.invokeStatic(java.lang.Object, java.lang.Object, java.lang.Object)'> (0x00000000909718f8) 
thrown [s\open\src\hotspot\share\interpreter\linkResolver.cpp, line 759]
Event: 28.268 Thread 0x000001ed42ad3ba0 Implicit null exception at 0x000001ed52507b5e to 0x000001ed52507e80
Event: 28.270 Thread 0x000001ed42ad3ba0 Implicit null exception at 0x000001ed524276d9 to 0x000001ed524279bc
Event: 31.412 Thread 0x000001ed42ad3ba0 Implicit null exception at 0x000001ed5251b32f to 0x000001ed5251b788

VM Operations (20 events):
Event: 30.121 Executing VM operation: G1CollectForAllocation
Event: 30.128 Executing VM operation: G1CollectForAllocation done
Event: 30.141 Executing VM operation: HandshakeAllThreads
Event: 30.141 Executing VM operation: HandshakeAllThreads done
Event: 30.463 Executing VM operation: ICBufferFull
Event: 30.463 Executing VM operation: ICBufferFull done
Event: 30.875 Executing VM operation: ICBufferFull
Event: 30.875 Executing VM operation: ICBufferFull done
Event: 31.017 Executing VM operation: G1CollectForAllocation
Event: 31.021 Executing VM operation: G1CollectForAllocation done
Event: 31.065 Executing VM operation: G1Concurrent
Event: 31.081 Executing VM operation: G1Concurrent done
Event: 31.104 Executing VM operation: G1Concurrent
Event: 31.104 Executing VM operation: G1Concurrent done
Event: 31.263 Executing VM operation: HandshakeAllThreads
Event: 31.263 Executing VM operation: HandshakeAllThreads done
Event: 31.442 Executing VM operation: ICBufferFull
Event: 31.443 Executing VM operation: ICBufferFull done
Event: 31.522 Executing VM operation: HandshakeAllThreads
Event: 31.522 Executing VM operation: HandshakeAllThreads done

Events (20 events):
Event: 30.162 Thread 0x000001ed612095d0 flushing nmethod 0x000001ed4c37a690
Event: 30.163 Thread 0x000001ed612095d0 flushing nmethod 0x000001ed4c3f9890
Event: 30.164 Thread 0x000001ed612095d0 flushing nmethod 0x000001ed4c55b190
Event: 30.164 Thread 0x000001ed612095d0 flushing nmethod 0x000001ed4c55df10
Event: 30.164 Thread 0x000001ed612095d0 flushing nmethod 0x000001ed4c61d610
Event: 30.164 Thread 0x000001ed612095d0 flushing nmethod 0x000001ed4c6e1f10
Event: 30.166 Thread 0x000001ed612095d0 flushing nmethod 0x000001ed4c81d290
Event: 30.167 Thread 0x000001ed612095d0 flushing nmethod 0x000001ed4c90b190
Event: 30.167 Thread 0x000001ed612095d0 flushing nmethod 0x000001ed4c91cb10
Event: 30.169 Thread 0x000001ed612095d0 flushing nmethod 0x000001ed4cbad490
Event: 30.169 Thread 0x000001ed612095d0 flushing nmethod 0x000001ed4cc37610
Event: 31.534 Thread 0x000001ed612095d0 flushing nmethod 0x000001ed4b4b9110
Event: 31.539 Thread 0x000001ed612095d0 flushing nmethod 0x000001ed4ba7e710
Event: 31.541 Thread 0x000001ed612095d0 flushing nmethod 0x000001ed4bc37710
Event: 31.544 Thread 0x000001ed612095d0 flushing nmethod 0x000001ed4bfe2b10
Event: 31.544 Thread 0x000001ed612095d0 flushing nmethod 0x000001ed4c039410
Event: 31.544 Thread 0x000001ed612095d0 flushing nmethod 0x000001ed4c0d4d10
Event: 31.545 Thread 0x000001ed612095d0 flushing nmethod 0x000001ed4c238f90
Event: 31.546 Thread 0x000001ed612095d0 flushing nmethod 0x000001ed4c314c90
Event: 31.547 Thread 0x000001ed612095d0 flushing nmethod 0x000001ed4c465390


Dynamic libraries:
0x00007ff701a60000 - 0x00007ff701a70000 	C:\Program Files\Java\jdk-18.0.2\bin\java.exe
0x00007ffb6a670000 - 0x00007ffb6a884000 	C:\WINDOWS\SYSTEM32\ntdll.dll
0x00007ffb69940000 - 0x00007ffb69a02000 	C:\WINDOWS\System32\KERNEL32.DLL
0x00007ffb67bd0000 - 0x00007ffb67f6c000 	C:\WINDOWS\System32\KERNELBASE.dll
0x00007ffb67f70000 - 0x00007ffb68081000 	C:\WINDOWS\System32\ucrtbase.dll
0x00007ffb5b7b0000 - 0x00007ffb5b7c8000 	C:\Program Files\Java\jdk-18.0.2\bin\jli.dll
0x00007ffb68590000 - 0x00007ffb6863e000 	C:\WINDOWS\System32\ADVAPI32.dll
0x00007ffb684e0000 - 0x00007ffb68587000 	C:\WINDOWS\System32\msvcrt.dll
0x00007ffb69a10000 - 0x00007ffb69ab4000 	C:\WINDOWS\System32\sechost.dll
0x00007ffb6a080000 - 0x00007ffb6a197000 	C:\WINDOWS\System32\RPCRT4.dll
0x00007ffb693d0000 - 0x00007ffb6957b000 	C:\WINDOWS\System32\USER32.dll
0x00007ffb57f30000 - 0x00007ffb57f4a000 	C:\Program Files\Java\jdk-18.0.2\bin\VCRUNTIME140.dll
0x00007ffb68150000 - 0x00007ffb68176000 	C:\WINDOWS\System32\win32u.dll
0x00007ffb692d0000 - 0x00007ffb692f9000 	C:\WINDOWS\System32\GDI32.dll
0x00007ffb68360000 - 0x00007ffb68473000 	C:\WINDOWS\System32\gdi32full.dll
0x00007ffb67b30000 - 0x00007ffb67bca000 	C:\WINDOWS\System32\msvcp_win.dll
0x00007ffb4e4c0000 - 0x00007ffb4e74e000 	C:\WINDOWS\WinSxS\amd64_microsoft.windows.common-controls_6595b64144ccf1df_6.0.22621.608_none_a9444ca7c10bb01d\COMCTL32.dll
0x00007ffb5f620000 - 0x00007ffb5f62a000 	C:\WINDOWS\SYSTEM32\VERSION.dll
0x00007ffb695d0000 - 0x00007ffb69601000 	C:\WINDOWS\System32\IMM32.DLL
0x00007ffb64690000 - 0x00007ffb6469c000 	C:\Program Files\Java\jdk-18.0.2\bin\vcruntime140_1.dll
0x00007ffb4d7b0000 - 0x00007ffb4d83d000 	C:\Program Files\Java\jdk-18.0.2\bin\msvcp140.dll
0x00007ffaffd50000 - 0x00007ffb00961000 	C:\Program Files\Java\jdk-18.0.2\bin\server\jvm.dll
0x00007ffb69300000 - 0x00007ffb69308000 	C:\WINDOWS\System32\PSAPI.DLL
0x00007ffb58650000 - 0x00007ffb58659000 	C:\WINDOWS\SYSTEM32\WSOCK32.dll
0x00007ffb698b0000 - 0x00007ffb69921000 	C:\WINDOWS\System32\WS2_32.dll
0x00007ffb60610000 - 0x00007ffb60644000 	C:\WINDOWS\SYSTEM32\WINMM.dll
0x00007ffb66ae0000 - 0x00007ffb66af8000 	C:\WINDOWS\SYSTEM32\kernel.appcore.dll
0x00007ffb62fb0000 - 0x00007ffb62fba000 	C:\Program Files\Java\jdk-18.0.2\bin\jimage.dll
0x00007ffb5f1a0000 - 0x00007ffb5f3ce000 	C:\WINDOWS\SYSTEM32\DBGHELP.DLL
0x00007ffb6a2a0000 - 0x00007ffb6a629000 	C:\WINDOWS\System32\combase.dll
0x00007ffb69fa0000 - 0x00007ffb6a077000 	C:\WINDOWS\System32\OLEAUT32.dll
0x00007ffb5b140000 - 0x00007ffb5b172000 	C:\WINDOWS\SYSTEM32\dbgcore.DLL
0x00007ffb67ab0000 - 0x00007ffb67b2b000 	C:\WINDOWS\System32\bcryptPrimitives.dll
0x00007ffb56f30000 - 0x00007ffb56f55000 	C:\Program Files\Java\jdk-18.0.2\bin\java.dll
0x00007ffb348c0000 - 0x00007ffb34996000 	C:\Program Files\Java\jdk-18.0.2\bin\jsvml.dll
0x00007ffb68ae0000 - 0x00007ffb692d0000 	C:\WINDOWS\System32\SHELL32.dll
0x00007ffb65a70000 - 0x00007ffb6633d000 	C:\WINDOWS\SYSTEM32\windows.storage.dll
0x00007ffb65930000 - 0x00007ffb65a6e000 	C:\WINDOWS\SYSTEM32\wintypes.dll
0x00007ffb6a1a0000 - 0x00007ffb6a291000 	C:\WINDOWS\System32\SHCORE.dll
0x00007ffb69610000 - 0x00007ffb6966e000 	C:\WINDOWS\System32\shlwapi.dll
0x00007ffb679e0000 - 0x00007ffb67a01000 	C:\WINDOWS\SYSTEM32\profapi.dll
0x00007ffb57190000 - 0x00007ffb571a3000 	C:\Program Files\Java\jdk-18.0.2\bin\net.dll
0x00007ffb604d0000 - 0x00007ffb60607000 	C:\WINDOWS\SYSTEM32\WINHTTP.dll
0x00007ffb66f70000 - 0x00007ffb66fd9000 	C:\WINDOWS\system32\mswsock.dll
0x00007ffb544b0000 - 0x00007ffb544c6000 	C:\Program Files\Java\jdk-18.0.2\bin\nio.dll
0x00007ffb54490000 - 0x00007ffb544a8000 	C:\Program Files\Java\jdk-18.0.2\bin\zip.dll
0x00007ffb4e360000 - 0x00007ffb4e370000 	C:\Program Files\Java\jdk-18.0.2\bin\verify.dll

dbghelp: loaded successfully - version: 4.0.5 - missing functions: none
symbol engine: initialized successfully - sym options: 0x614 - pdb path: .;C:\Program Files\Java\jdk-18.0.2\bin;C:\WINDOWS\SYSTEM32;C:\WINDOWS\WinSxS\amd64_microsoft.windows.common-controls_6595b64144ccf1df_6.0.22621.608_none_a9444ca7c10bb01d;C:\Program Files\Java\jdk-18.0.2\bin\server

VM Arguments:
java_command: org.jetbrains.kotlin.cli.jvm.K2JVMCompiler @C:\ProjetoDSMReactNative - Copia\node_modules\react-native-gesture-handler\android\build\20230513_13228389844216878656.compiler.options
java_class_path (initial): C:\Users\Gabri\.gradle\caches\modules-2\files-2.1\org.jetbrains.kotlin\kotlin-compiler-embeddable\1.6.21\97bdd5a752ce73b58ef16c17bc7f0ea2faff7a2e\kotlin-compiler-embeddable-1.6.21.jar;C:\Users\Gabri\.gradle\caches\modules-2\files-2.1\org.jetbrains.kotlin\kotlin-reflect\1.6.21\5dc3574d9b7bebfcb4ec6b10ada4aaa9e140bd0b\kotlin-reflect-1.6.21.jar;C:\Users\Gabri\.gradle\caches\modules-2\files-2.1\org.jetbrains.kotlin\kotlin-stdlib\1.6.21\11ef67f1900634fd951bad28c53ec957fabbe5b8\kotlin-stdlib-1.6.21.jar;C:\Users\Gabri\.gradle\caches\modules-2\files-2.1\org.jetbrains.kotlin\kotlin-script-runtime\1.6.21\99c6675100da5d6d5b1c5a1032f27f28008d101b\kotlin-script-runtime-1.6.21.jar;C:\Users\Gabri\.gradle\caches\modules-2\files-2.1\org.jetbrains.kotlin\kotlin-daemon-embeddable\1.6.21\46b78cf392e1c4f10854c3cadba44abb7b82250f\kotlin-daemon-embeddable-1.6.21.jar;C:\Users\Gabri\.gradle\caches\modules-2\files-2.1\org.jetbrains.intellij.deps\trove4j\1.0.20200330\3afb14d5f9ceb459d724e907a21145e8ff394f02\trove4j-1.0.20200330.jar;C:\Users\Gabri\.gradle\caches\modules-2\files-2.1\net.java.dev.jna\jna\5.6.0\330f2244e9030119ab3030fc3fededc86713d9cc\jna-5.6.0.jar;C:\Users\Gabri\.gradle\caches\modules-2\files-2.1\org.jetbrains.kotlin\kotlin-stdlib-common\1.6.21\5e5b55c26dbc80372a920aef60eb774b714559b8\kotlin-stdlib-common-1.6.21.jar;C:\Users\Gabri\.gradle\caches\modules-2\files-2.1\org.jetbrains\annotations\13.0\919f0dfe192fb4e063e7dacadee7f8bb9a2672a9\annotations-13.0.jar
Launcher Type: SUN_STANDARD

[Global flags]
     intx CICompilerCount                          = 12                                        {product} {ergonomic}
     uint ConcGCThreads                            = 3                                         {product} {ergonomic}
     uint G1ConcRefinementThreads                  = 13                                        {product} {ergonomic}
   size_t G1HeapRegionSize                         = 1048576                                   {product} {ergonomic}
    uintx GCDrainStackTargetSize                   = 64                                        {product} {ergonomic}
   size_t InitialHeapSize                          = 123731968                                 {product} {ergonomic}
   size_t MarkStackSize                            = 4194304                                   {product} {ergonomic}
   size_t MaxHeapSize                              = 1975517184                                {product} {ergonomic}
   size_t MaxNewSize                               = 1184890880                                {product} {ergonomic}
   size_t MinHeapDeltaBytes                        = 1048576                                   {product} {ergonomic}
   size_t MinHeapSize                              = 8388608                                   {product} {ergonomic}
    uintx NonNMethodCodeHeapSize                   = 7602480                                {pd product} {ergonomic}
    uintx NonProfiledCodeHeapSize                  = 122027880                              {pd product} {ergonomic}
    uintx ProfiledCodeHeapSize                     = 122027880                              {pd product} {ergonomic}
    uintx ReservedCodeCacheSize                    = 251658240                              {pd product} {ergonomic}
     bool SegmentedCodeCache                       = true                                      {product} {ergonomic}
   size_t SoftMaxHeapSize                          = 1975517184                             {manageable} {ergonomic}
     bool UseCompressedClassPointers               = true                           {product lp64_product} {ergonomic}
     bool UseCompressedOops                        = true                           {product lp64_product} {ergonomic}
     bool UseG1GC                                  = true                                      {product} {ergonomic}
     bool UseLargePagesIndividualAllocation        = false                                  {pd product} {ergonomic}

Logging:
Log output configuration:
 #0: stdout all=warning uptime,level,tags foldmultilines=false
 #1: stderr all=off uptime,level,tags foldmultilines=false

Environment Variables:
CLASSPATH=C:\ProjetoDSMReactNative - Copia\android\\gradle\wrapper\gradle-wrapper.jar
PATH=C:\ProjetoDSMReactNative - Copia\android\node_modules\.bin;C:\ProjetoDSMReactNative - Copia\node_modules\.bin;C:\node_modules\.bin;C:\Program Files\nodejs;C:\ProjetoDSMReactNative - Copia\node_modules\.bin;C:\node_modules\.bin;C:\Program Files\nodejs\node_modules\npm\node_modules\@npmcli\run-script\lib\node-gyp-bin;C:\Program Files\Common Files\Oracle\Java\javapath;C:\Program Files (x86)\Common Files\Oracle\Java\javapath;C:\Windows\system32;C:\Windows;C:\Windows\System32\Wbem;C:\Windows\System32\WindowsPowerShell\v1.0\;C:\Windows\System32\OpenSSH\;C:\Program Files\nodejs\;C:\Program Files\Microsoft SQL Server\150\Tools\Binn\;C:\WINDOWS\system32;C:\WINDOWS;C:\WINDOWS\System32\Wbem;C:\WINDOWS\System32\WindowsPowerShell\v1.0\;C:\WINDOWS\System32\OpenSSH\;C:\Program Files\Git\cmd;C:\flutter\bin;C:\ProgramData\chocolatey\bin;C:\WINDOWS\system32\config\systemprofile\AppData\Roaming\npm;C:\Users\Gabri\AppData\Local\Programs\Python\Python39\Scripts\;C:\Users\Gabri\AppData\Local\Programs\Python\Python39\;C:\Users\Gabri\AppData\Local\Programs\Python\Python311\Scripts\;C:\Users\Gabri\AppData\Local\Programs\Python\Python311\;C:\Users\Gabri\AppData\Local\Microsoft\WindowsApps;C:\Users\Gabri\AppData\Local\Programs\Microsoft VS Code\bin;C:\Users\Gabri\AppData\Roaming\npm;C:\flutter\bin;C:\Users\Gabri\AppData\Local\Android\Sdk\platform-tools;;C:\ProjetoDSMReactNative - Copia\node_modules\.bin
USERNAME=Gabri
LANG=pt_BR.UTF-8
OS=Windows_NT
PROCESSOR_IDENTIFIER=AMD64 Family 23 Model 104 Stepping 1, AuthenticAMD



---------------  S Y S T E M  ---------------

OS:
 Windows 11 , 64 bit Build 22621 (10.0.22621.1485)
OS uptime: 7 days 0:41 hours
Hyper-V role detected

CPU: total 16 (initial active 16) (16 cores per cpu, 2 threads per core) family 23 model 104 stepping 1 microcode 0x0, cx8, cmov, fxsr, ht, mmx, 3dnowpref, sse, sse2, sse3, ssse3, sse4a, sse4.1, sse4.2, popcnt, lzcnt, tsc, tscinvbit, avx, avx2, aes, clmul, bmi1, bmi2, adx, sha, fma, vzeroupper, clflush, clflushopt, hv

Memory: 4k page, system-wide physical 7530M (412M free)
TotalPageFile size 18414M (AvailPageFile size 3M)
current process WorkingSet (physical memory assigned to process): 350M, peak: 350M
current process commit charge ("private bytes"): 469M, peak: 473M

vm_info: Java HotSpot(TM) 64-Bit Server VM (18.0.2+9-61) for windows-amd64 JRE (18.0.2+9-61), built on Jun  7 2022 13:09:01 by "mach5one" with MS VC++ 16.8 / 16.9 (VS2019)

END.
